2020-12-02T13:18:47 - MSG - Startup serviço
2020-12-02T13:18:47 - INFO - CHECK TIME REF.: 10 Seg., CHECK DOCS IMAGEM: 30 Min.
2020-12-02T13:18:47 - AVISO - Setup cliente 62136304
2020-12-02T13:18:50 - INFO - Sucesso - Logado na API (true,3907,Developer)
2020-12-02T13:18:53 - WARNING - Envio TRACKING: 26201162136304001967550030000882181600349690 - Ret API: Danfe inválida - ID:64 - API Carga: 29869259
2020-12-02T13:18:53 - WARNING - Envio TRACKING: 26201162136304001967550030000882191612403357 - Ret API: Danfe inválida - ID:52 - API Carga: 29869260
2020-12-02T13:18:53 - WARNING - Envio TRACKING: 26201162136304001967550030000882181600349690 - Ret API: Danfe inválida - ID:1 - API Carga: 29869259
2020-12-02T13:18:53 - WARNING - Envio TRACKING: 26201162136304001967550030000882181600349690 - Ret API: Danfe inválida - ID:51 - API Carga: 29869259
2020-12-02T13:18:53 - WARNING - Envio TRACKING: 26201162136304001967550030000882191612403357 - Ret API: Danfe inválida - ID:2 - API Carga: 29869260
2020-12-02T13:18:53 - WARNING - Envio TRACKING: 26201162136304001967550030000882191612403357 - Ret API: Danfe inválida - ID:66 - API Carga: 29869260
2020-12-02T13:18:53 - WARNING - Envio TRACKING: 26201162136304001967550030000882181600349690 - Ret API: Danfe inválida - ID:31 - API Carga: 29869259
2020-12-02T13:18:53 - WARNING - Envio TRACKING: 26201162136304001967550030000882181600349690 - Ret API: Danfe inválida - ID:63 - API Carga: 29869259
2020-12-02T13:18:53 - WARNING - Envio TRACKING: 26201162136304001967550030000882191612403357 - Ret API: Danfe inválida - ID:32 - API Carga: 29869260
2020-12-02T13:18:53 - AVISO - Ocorrencias de tracking para enviar - (10)
2020-12-02T13:18:53 - WARNING - Envio TRACKING: 26201162136304001967550030000882191612403357 - Ret API: Danfe inválida - ID:65 - API Carga: 29869260
2020-12-02T13:18:53 - WARNING - (Validação Falhou) - Destinatário: 62136304001100, NF: 0088280, NÃO OK, Erro: false,AxiosErro: false, API Success: true.
2020-12-02T13:18:55 - WARNING - (Validação Falhou) - Destinatário: 62136304001100, NF: 0682269, NÃO OK, Erro: false,AxiosErro: false, API Success: true.
2020-12-02T13:18:55 - WARNING - (Validação Falhou) - Destinatário: 08913807440, NF: 0682665, NÃO OK, Erro: false,AxiosErro: false, API Success: true.
2020-12-02T13:19:50 - INFO - Solicitando imagem SPOE3041099, Aguardando EasyDocs...
2020-12-02T13:19:50 - INFO - Solicitando imagem SPOE3036947, Aguardando EasyDocs...
2020-12-02T13:19:58 - INFO - Solicitando imagem SPOE3036947, Aguardando AgileProcess...
2020-12-02T13:19:58 - INFO - Solicitando imagem SPOE3041099, Aguardando AgileProcess...
2020-12-02T13:19:58 - WARNING - (EasyDocs,AgileProcess) DOC:SPOE3036947 - (Não achou a imagem solicitada)
2020-12-02T13:20:00 - SUCESSO - Imagem AgileProcess SPOE3041099 : Imagem recebida.
2020-12-02T13:20:02 - WARNING - Envio IMAGEM - DANFE: 35201162136304001100550030006822691008936175 - API Carga: 0 - Message: Carga inexistente ou sem permissão para acesso - Success: false
2020-12-02T13:20:02 - AVISO - Solicitado comprovantes na Easydocs - (2)
2020-12-02T13:20:52 - WARNING - Envio TRACKING: 26201262136304001967550030000883011733208444 - Ret API: Danfe inválida - ID:34 - API Carga: 30014075
2020-12-02T13:20:53 - WARNING - Envio TRACKING: 26201262136304001967550030000883011733208444 - Ret API: Danfe inválida - ID:4 - API Carga: 30014075
2020-12-02T13:20:53 - WARNING - Envio TRACKING: 35201162136304001100550030006825611762935344 - Ret API: Danfe inválida - ID:8 - API Carga: 29928592
2020-12-02T13:20:53 - WARNING - Envio TRACKING: 35201162136304001100550030006825081942528855 - Ret API: Danfe inválida - ID:6 - API Carga: 29924214
2020-12-02T13:20:53 - WARNING - Envio TRACKING: 35201162136304001100550030006825081942528855 - Ret API: Danfe inválida - ID:36 - API Carga: 29924214
2020-12-02T13:20:53 - WARNING - Envio TRACKING: 35201162136304001100550030006825611762935344 - Ret API: Danfe inválida - ID:38 - API Carga: 29928592
2020-12-02T13:20:53 - WARNING - Envio TRACKING: 35201162136304001100550030006825521263995148 - Ret API: Danfe inválida - ID:37 - API Carga: 29928586
2020-12-02T13:20:53 - WARNING - Envio TRACKING: 35201162136304001100550030006826851888038004 - Ret API: Danfe inválida - ID:10 - API Carga: 29967073
2020-12-02T13:20:53 - WARNING - Envio TRACKING: 35201162136304001100550030006825611762935344 - Ret API: Danfe inválida - ID:54 - API Carga: 29928592
2020-12-02T13:20:53 - WARNING - Envio TRACKING: 35201162136304001100550030006825521263995148 - Ret API: Danfe inválida - ID:7 - API Carga: 29928586
2020-12-02T13:20:53 - AVISO - Ocorrencias de tracking para enviar - (10)
