2020-12-07T09:28:35 - MSG - Startup serviço
2020-12-07T09:28:35 - INFO - CHECK TIME REF.: 10 Seg., CHECK DOCS IMAGEM: 30 Min.
2020-12-07T09:28:35 - AVISO - Setup cliente 62136304
2020-12-07T09:28:38 - INFO - Sucesso - Logado na API (true,3907,Developer)
2020-12-07T09:29:38 - INFO - Solicitando imagem SPOE3010957, Aguardando EasyDocs...
2020-12-07T09:29:38 - INFO - Solicitando imagem SPOE3010958, Aguardando EasyDocs...
2020-12-07T09:29:38 - INFO - Solicitando imagem SPOE3010958, Aguardando EasyDocs...
2020-12-07T09:29:38 - INFO - Solicitando imagem SPOE3010958, Aguardando EasyDocs...
2020-12-07T09:29:38 - INFO - Solicitando imagem SPOE2960722, Aguardando EasyDocs...
2020-12-07T09:29:38 - INFO - Solicitando imagem SPOE2960722, Aguardando EasyDocs...
2020-12-07T09:29:38 - INFO - Solicitando imagem SPOE2960722, Aguardando EasyDocs...
2020-12-07T09:29:38 - INFO - Solicitando imagem SPOE2967038, Aguardando EasyDocs...
2020-12-07T09:29:38 - INFO - Solicitando imagem SPOE2967038, Aguardando EasyDocs...
2020-12-07T09:29:38 - INFO - Solicitando imagem SPOE2967038, Aguardando EasyDocs...
2020-12-07T09:29:38 - INFO - Solicitando imagem SPOE2967038, Aguardando EasyDocs...
2020-12-07T09:29:38 - INFO - Solicitando imagem SPOE2967038, Aguardando EasyDocs...
2020-12-07T09:29:38 - INFO - Solicitando imagem SPOE2962299, Aguardando EasyDocs...
2020-12-07T09:29:38 - INFO - Solicitando imagem SPOE2967038, Aguardando EasyDocs...
2020-12-07T09:29:38 - INFO - Solicitando imagem SPOE2967039, Aguardando EasyDocs...
2020-12-07T09:29:38 - INFO - Solicitando imagem SPOE2967039, Aguardando EasyDocs...
2020-12-07T09:29:38 - INFO - Solicitando imagem SPOE2967039, Aguardando EasyDocs...
2020-12-07T09:29:38 - INFO - Solicitando imagem SPOE2969522, Aguardando EasyDocs...
2020-12-07T09:29:38 - INFO - Solicitando imagem SPOE2969522, Aguardando EasyDocs...
2020-12-07T09:29:38 - INFO - Solicitando imagem SPOE2980637, Aguardando EasyDocs...
2020-12-07T09:29:38 - INFO - Solicitando imagem SPOE2980638, Aguardando EasyDocs...
2020-12-07T09:29:38 - INFO - Solicitando imagem SPOE2987994, Aguardando EasyDocs...
2020-12-07T09:29:38 - INFO - Solicitando imagem SPOE2987993, Aguardando EasyDocs...
2020-12-07T09:29:38 - INFO - Solicitando imagem SPOE2962307, Aguardando EasyDocs...
2020-12-07T09:29:38 - INFO - Solicitando imagem SPOE2991409, Aguardando EasyDocs...
2020-12-07T09:29:38 - INFO - Solicitando imagem SPOE3013891, Aguardando EasyDocs...
2020-12-07T09:29:38 - INFO - Solicitando imagem SPOE3014473, Aguardando EasyDocs...
2020-12-07T09:29:38 - INFO - Solicitando imagem SPOE3015255, Aguardando EasyDocs...
2020-12-07T09:29:38 - INFO - Solicitando imagem SPOE3017985, Aguardando EasyDocs...
2020-12-07T09:29:38 - INFO - Solicitando imagem SPOE2987994, Aguardando EasyDocs...
2020-12-07T09:29:38 - INFO - Solicitando imagem SPOE3017985, Aguardando EasyDocs...
2020-12-07T09:29:38 - INFO - Solicitando imagem SPOE3019549, Aguardando EasyDocs...
2020-12-07T09:29:38 - INFO - Solicitando imagem SPOE3022373, Aguardando EasyDocs...
2020-12-07T09:29:38 - INFO - Solicitando imagem SPOE3025616, Aguardando EasyDocs...
2020-12-07T09:29:38 - INFO - Solicitando imagem SPOE3005518, Aguardando EasyDocs...
2020-12-07T09:29:38 - INFO - Solicitando imagem SPOE3024459, Aguardando EasyDocs...
2020-12-07T09:29:39 - INFO - Solicitando imagem SPOE3010957, Aguardando AgileProcess...
2020-12-07T09:29:39 - WARNING - (EasyDocs,AgileProcess) DOC:SPOE3010957 - (Não achou a imagem solicitada)
2020-12-07T09:29:40 - INFO - Solicitando imagem SPOE2960722, Aguardando AgileProcess...
2020-12-07T09:29:40 - WARNING - (EasyDocs,AgileProcess) DOC:SPOE2960722 - (Não achou a imagem solicitada)
2020-12-07T09:29:40 - INFO - Solicitando imagem SPOE2967038, Aguardando AgileProcess...
2020-12-07T09:29:40 - WARNING - (EasyDocs,AgileProcess) DOC:SPOE2967038 - (Não achou a imagem solicitada)
2020-12-07T09:29:40 - INFO - Solicitando imagem SPOE2967038, Aguardando AgileProcess...
2020-12-07T09:29:40 - WARNING - (EasyDocs,AgileProcess) DOC:SPOE2967038 - (Não achou a imagem solicitada)
2020-12-07T09:29:41 - INFO - Solicitando imagem SPOE3010958, Aguardando AgileProcess...
2020-12-07T09:29:41 - WARNING - (EasyDocs,AgileProcess) DOC:SPOE3010958 - (Não achou a imagem solicitada)
2020-12-07T09:29:41 - INFO - Solicitando imagem SPOE2967038, Aguardando AgileProcess...
2020-12-07T09:29:41 - WARNING - (EasyDocs,AgileProcess) DOC:SPOE2967038 - (Não achou a imagem solicitada)
2020-12-07T09:29:41 - INFO - Solicitando imagem SPOE2967038, Aguardando AgileProcess...
2020-12-07T09:29:42 - WARNING - (EasyDocs,AgileProcess) DOC:SPOE2967038 - (Não achou a imagem solicitada)
2020-12-07T09:29:42 - INFO - Solicitando imagem SPOE2967039, Aguardando AgileProcess...
2020-12-07T09:29:42 - WARNING - (EasyDocs,AgileProcess) DOC:SPOE2967039 - (Não achou a imagem solicitada)
2020-12-07T09:29:42 - INFO - Solicitando imagem SPOE2969522, Aguardando AgileProcess...
2020-12-07T09:29:42 - WARNING - (EasyDocs,AgileProcess) DOC:SPOE2969522 - (Não achou a imagem solicitada)
2020-12-07T09:29:43 - INFO - Solicitando imagem SPOE2980637, Aguardando AgileProcess...
2020-12-07T09:29:43 - INFO - Solicitando imagem SPOE2967038, Aguardando AgileProcess...
2020-12-07T09:29:43 - WARNING - (EasyDocs,AgileProcess) DOC:SPOE2980637 - (Não achou a imagem solicitada)
2020-12-07T09:29:43 - WARNING - (EasyDocs,AgileProcess) DOC:SPOE2967038 - (Não achou a imagem solicitada)
2020-12-07T09:29:43 - INFO - Solicitando imagem SPOE3015255, Aguardando AgileProcess...
2020-12-07T09:29:43 - INFO - Solicitando imagem SPOE2960722, Aguardando AgileProcess...
2020-12-07T09:29:43 - ERRO - Imagem AgileProcess SPOE3015255 : {} - checkImagemAgileProcess
2020-12-07T09:29:43 - WARNING - (EasyDocs,AgileProcess) DOC:SPOE3015255 - (Não achou a imagem solicitada)
2020-12-07T09:29:43 - WARNING - (EasyDocs,AgileProcess) DOC:SPOE2960722 - (Não achou a imagem solicitada)
2020-12-07T09:29:43 - INFO - Solicitando imagem SPOE3025616, Aguardando AgileProcess...
2020-12-07T09:29:43 - INFO - Solicitando imagem SPOE2987993, Aguardando AgileProcess...
2020-12-07T09:29:44 - WARNING - (EasyDocs,AgileProcess) DOC:SPOE3025616 - (Não achou a imagem solicitada)
2020-12-07T09:29:44 - WARNING - (EasyDocs,AgileProcess) DOC:SPOE2987993 - (Não achou a imagem solicitada)
2020-12-07T09:29:44 - INFO - Solicitando imagem SPOE3014473, Aguardando AgileProcess...
2020-12-07T09:29:44 - INFO - Solicitando imagem SPOE3010958, Aguardando AgileProcess...
2020-12-07T09:29:44 - WARNING - (EasyDocs,AgileProcess) DOC:SPOE3014473 - (Não achou a imagem solicitada)
2020-12-07T09:29:44 - WARNING - (EasyDocs,AgileProcess) DOC:SPOE3010958 - (Não achou a imagem solicitada)
2020-12-07T09:29:44 - INFO - Solicitando imagem SPOE2967038, Aguardando AgileProcess...
2020-12-07T09:29:44 - INFO - Solicitando imagem SPOE2962299, Aguardando AgileProcess...
2020-12-07T09:29:45 - WARNING - (EasyDocs,AgileProcess) DOC:SPOE2967038 - (Não achou a imagem solicitada)
2020-12-07T09:29:45 - WARNING - (EasyDocs,AgileProcess) DOC:SPOE2962299 - (Não achou a imagem solicitada)
2020-12-07T09:29:45 - INFO - Solicitando imagem SPOE3017985, Aguardando AgileProcess...
2020-12-07T09:29:45 - INFO - Solicitando imagem SPOE2960722, Aguardando AgileProcess...
2020-12-07T09:29:45 - WARNING - (EasyDocs,AgileProcess) DOC:SPOE2960722 - (Não achou a imagem solicitada)
2020-12-07T09:29:45 - WARNING - (EasyDocs,AgileProcess) DOC:SPOE3017985 - (Não achou a imagem solicitada)
2020-12-07T09:29:45 - INFO - Solicitando imagem SPOE2967039, Aguardando AgileProcess...
2020-12-07T09:29:45 - WARNING - (EasyDocs,AgileProcess) DOC:SPOE2967039 - (Não achou a imagem solicitada)
2020-12-07T09:29:45 - INFO - Solicitando imagem SPOE3005518, Aguardando AgileProcess...
2020-12-07T09:29:46 - ERRO - Imagem AgileProcess SPOE3005518 : {} - checkImagemAgileProcess
2020-12-07T09:29:46 - WARNING - (EasyDocs,AgileProcess) DOC:SPOE3005518 - (Não achou a imagem solicitada)
2020-12-07T09:29:46 - INFO - Solicitando imagem SPOE3019549, Aguardando AgileProcess...
2020-12-07T09:29:46 - WARNING - (EasyDocs,AgileProcess) DOC:SPOE3019549 - (Não achou a imagem solicitada)
2020-12-07T09:29:46 - INFO - Solicitando imagem SPOE2987994, Aguardando AgileProcess...
2020-12-07T09:29:46 - WARNING - (EasyDocs,AgileProcess) DOC:SPOE2987994 - (Não achou a imagem solicitada)
2020-12-07T09:29:46 - INFO - Solicitando imagem SPOE3010958, Aguardando AgileProcess...
2020-12-07T09:29:47 - INFO - Solicitando imagem SPOE2967039, Aguardando AgileProcess...
2020-12-07T09:29:47 - WARNING - (EasyDocs,AgileProcess) DOC:SPOE3010958 - (Não achou a imagem solicitada)
2020-12-07T09:29:47 - WARNING - (EasyDocs,AgileProcess) DOC:SPOE2967039 - (Não achou a imagem solicitada)
2020-12-07T09:29:47 - INFO - Solicitando imagem SPOE3013891, Aguardando AgileProcess...
2020-12-07T09:29:48 - ERRO - Imagem AgileProcess SPOE3013891 : {} - checkImagemAgileProcess
2020-12-07T09:29:48 - WARNING - (EasyDocs,AgileProcess) DOC:SPOE3013891 - (Não achou a imagem solicitada)
2020-12-07T09:29:48 - INFO - Solicitando imagem SPOE2987994, Aguardando AgileProcess...
2020-12-07T09:29:48 - WARNING - (EasyDocs,AgileProcess) DOC:SPOE2987994 - (Não achou a imagem solicitada)
2020-12-07T09:29:48 - INFO - Solicitando imagem SPOE2980638, Aguardando AgileProcess...
2020-12-07T09:29:48 - INFO - Solicitando imagem SPOE3022373, Aguardando AgileProcess...
2020-12-07T09:29:48 - WARNING - (EasyDocs,AgileProcess) DOC:SPOE2980638 - (Não achou a imagem solicitada)
2020-12-07T09:29:48 - WARNING - (EasyDocs,AgileProcess) DOC:SPOE3022373 - (Não achou a imagem solicitada)
2020-12-07T09:29:48 - INFO - Solicitando imagem SPOE2991409, Aguardando AgileProcess...
2020-12-07T09:29:48 - INFO - Solicitando imagem SPOE3024459, Aguardando AgileProcess...
2020-12-07T09:29:49 - WARNING - (EasyDocs,AgileProcess) DOC:SPOE2991409 - (Não achou a imagem solicitada)
2020-12-07T09:29:49 - WARNING - (EasyDocs,AgileProcess) DOC:SPOE3024459 - (Não achou a imagem solicitada)
2020-12-07T09:29:49 - INFO - Solicitando imagem SPOE2969522, Aguardando AgileProcess...
2020-12-07T09:29:49 - INFO - Solicitando imagem SPOE3017985, Aguardando AgileProcess...
2020-12-07T09:29:49 - WARNING - (EasyDocs,AgileProcess) DOC:SPOE3017985 - (Não achou a imagem solicitada)
2020-12-07T09:29:49 - WARNING - (EasyDocs,AgileProcess) DOC:SPOE2969522 - (Não achou a imagem solicitada)
2020-12-07T09:29:49 - INFO - Solicitando imagem SPOE2962307, Aguardando AgileProcess...
2020-12-07T09:29:50 - WARNING - (EasyDocs,AgileProcess) DOC:SPOE2962307 - (Não achou a imagem solicitada)
2020-12-07T09:29:50 - AVISO - Solicitado comprovantes na Easydocs - (36)
2020-12-07T09:36:41 - WARNING - (Validação Falhou) - Destinatário: 62136304001100, NF: 0087937, NÃO OK, Erro: false,AxiosErro: false, API Success: true.
2020-12-07T09:36:43 - WARNING - (Validação Falhou) - Destinatário: 62136304000219, NF: 0681421, NÃO OK, Erro: false,AxiosErro: false, API Success: true.
2020-12-07T09:36:43 - WARNING - (Validação Falhou) - Destinatário: 05523677000128, NF: 0681504, NÃO OK, Erro: false,AxiosErro: false, API Success: true.
2020-12-07T09:36:43 - WARNING - (Validação Falhou) - Destinatário: 62136304003234, NF: 0681759, NÃO OK, Erro: false,AxiosErro: false, API Success: true.
2020-12-07T09:36:43 - WARNING - (Validação Falhou) - Destinatário: 62136304001967, NF: 0087968, NÃO OK, Erro: false,AxiosErro: false, API Success: true.
2020-12-07T09:36:43 - WARNING - (Validação Falhou) - Destinatário: 18860117000100, NF: 0681107, NÃO OK, Erro: false,AxiosErro: false, API Success: true.
2020-12-07T09:36:43 - WARNING - (Validação Falhou) - Destinatário: 62136304003234, NF: 0681716, NÃO OK, Erro: false,AxiosErro: false, API Success: true.
2020-12-07T09:36:43 - WARNING - (Validação Falhou) - Destinatário: 62136304000219, NF: 0681417, NÃO OK, Erro: false,AxiosErro: false, API Success: true.
2020-12-07T09:36:43 - WARNING - (Validação Falhou) - Destinatário: 62136304001967, NF: 0087924, NÃO OK, Erro: false,AxiosErro: false, API Success: true.
2020-12-07T09:36:43 - WARNING - (Validação Falhou) - Destinatário: 62136304001967, NF: 0087935, NÃO OK, Erro: false,AxiosErro: false, API Success: true.
2020-12-07T09:36:43 - WARNING - (Validação Falhou) - Destinatário: 62136304001967, NF: 0681761, NÃO OK, Erro: false,AxiosErro: false, API Success: true.
2020-12-07T09:36:44 - WARNING - (Validação Falhou) - Destinatário: 62136304001100, NF: 0087915, NÃO OK, Erro: false,AxiosErro: false, API Success: true.
2020-12-07T09:36:45 - WARNING - (Validação Falhou) - Destinatário: 06887784000106, NF: 0680836, NÃO OK, Erro: false,AxiosErro: false, API Success: true.
2020-12-07T09:36:45 - WARNING - (Validação Falhou) - Destinatário: 09143880000120, NF: 0680685, NÃO OK, Erro: false,AxiosErro: false, API Success: true.
2020-12-07T09:36:45 - WARNING - (Validação Falhou) - Destinatário: 62136304001967, NF: 0087893, NÃO OK, Erro: false,AxiosErro: false, API Success: true.
2020-12-07T09:36:45 - WARNING - (Validação Falhou) - Destinatário: 18860117000100, NF: 0681748, NÃO OK, Erro: false,AxiosErro: false, API Success: true.
2020-12-07T09:36:45 - WARNING - (Validação Falhou) - Destinatário: 62136304003234, NF: 0680656, NÃO OK, Erro: false,AxiosErro: false, API Success: true.
2020-12-07T09:36:45 - WARNING - (Validação Falhou) - Destinatário: 62136304003234, NF: 0046275, NÃO OK, Erro: false,AxiosErro: false, API Success: true.
2020-12-07T09:36:45 - WARNING - (Validação Falhou) - Destinatário: 00150422000143, NF: 0681867, NÃO OK, Erro: false,AxiosErro: false, API Success: true.
2020-12-07T09:36:45 - WARNING - (Validação Falhou) - Destinatário: 62136304001967, NF: 0680641, NÃO OK, Erro: false,AxiosErro: false, API Success: true.
2020-12-07T09:36:45 - WARNING - (Validação Falhou) - Destinatário: 62136304001967, NF: 0681108, NÃO OK, Erro: false,AxiosErro: false, API Success: true.
2020-12-07T09:36:46 - WARNING - (Validação Falhou) - Destinatário: 11397331000123, NF: 0088076, NÃO OK, Erro: false,AxiosErro: false, API Success: true.
2020-12-07T09:36:46 - WARNING - (Validação Falhou) - Destinatário: 62136304001100, NF: 0088116, NÃO OK, Erro: false,AxiosErro: false, API Success: true.
2020-12-07T09:36:46 - WARNING - (Validação Falhou) - Destinatário: 62136304003234, NF: 0681871, NÃO OK, Erro: false,AxiosErro: false, API Success: true.
2020-12-07T09:36:46 - WARNING - (Validação Falhou) - Destinatário: 41231515000180, NF: 0680833, NÃO OK, Erro: false,AxiosErro: false, API Success: true.
2020-12-07T09:36:46 - WARNING - (Validação Falhou) - Destinatário: 62136304001967, NF: 0681872, NÃO OK, Erro: false,AxiosErro: false, API Success: true.
2020-12-07T09:36:46 - WARNING - (Validação Falhou) - Destinatário: 62136304001967, NF: 0046301, NÃO OK, Erro: false,AxiosErro: false, API Success: true.
2020-12-07T09:36:46 - WARNING - (Validação Falhou) - Destinatário: 07263970000129, NF: 0681868, NÃO OK, Erro: false,AxiosErro: false, API Success: true.
2020-12-07T09:36:46 - WARNING - (Validação Falhou) - Destinatário: 62136304001967, NF: 0681837, NÃO OK, Erro: false,AxiosErro: false, API Success: true.
2020-12-07T09:36:46 - WARNING - (Validação Falhou) - Destinatário: 11500855000289, NF: 0681572, NÃO OK, Erro: false,AxiosErro: false, API Success: true.
2020-12-07T09:36:46 - WARNING - (Validação Falhou) - Destinatário: 62136304001967, NF: 0087892, NÃO OK, Erro: false,AxiosErro: false, API Success: true.
2020-12-07T09:36:47 - WARNING - (Validação Falhou) - Destinatário: 42685141391, NF: 0681505, NÃO OK, Erro: false,AxiosErro: false, API Success: true.
2020-12-07T09:36:47 - WARNING - (Validação Falhou) - Destinatário: 11500855000106, NF: 0681140, NÃO OK, Erro: false,AxiosErro: false, API Success: true.
2020-12-07T09:59:38 - INFO - Solicitando imagem RECE345461, Aguardando EasyDocs...
2020-12-07T09:59:38 - INFO - Solicitando imagem RECE352552, Aguardando EasyDocs...
2020-12-07T09:59:38 - INFO - Solicitando imagem SPOE3010957, Aguardando EasyDocs...
2020-12-07T09:59:38 - INFO - Solicitando imagem SPOE3010958, Aguardando EasyDocs...
2020-12-07T09:59:38 - INFO - Solicitando imagem SPOE3010958, Aguardando EasyDocs...
2020-12-07T09:59:38 - INFO - Solicitando imagem SPOE3010958, Aguardando EasyDocs...
2020-12-07T09:59:38 - INFO - Solicitando imagem SPOE2960722, Aguardando EasyDocs...
2020-12-07T09:59:38 - INFO - Solicitando imagem SPOE2960722, Aguardando EasyDocs...
2020-12-07T09:59:38 - INFO - Solicitando imagem SPOE2960722, Aguardando EasyDocs...
2020-12-07T09:59:38 - INFO - Solicitando imagem SPOE2962299, Aguardando EasyDocs...
2020-12-07T09:59:38 - INFO - Solicitando imagem SPOE2962307, Aguardando EasyDocs...
2020-12-07T09:59:38 - INFO - Solicitando imagem SPOE2967038, Aguardando EasyDocs...
2020-12-07T09:59:38 - INFO - Solicitando imagem SPOE2967038, Aguardando EasyDocs...
2020-12-07T09:59:38 - INFO - Solicitando imagem SPOE2967038, Aguardando EasyDocs...
2020-12-07T09:59:38 - INFO - Solicitando imagem SPOE2967038, Aguardando EasyDocs...
2020-12-07T09:59:38 - INFO - Solicitando imagem SPOE2967038, Aguardando EasyDocs...
2020-12-07T09:59:38 - INFO - Solicitando imagem SPOE2967038, Aguardando EasyDocs...
2020-12-07T09:59:38 - INFO - Solicitando imagem SPOE2967039, Aguardando EasyDocs...
2020-12-07T09:59:38 - INFO - Solicitando imagem SPOE2967039, Aguardando EasyDocs...
2020-12-07T09:59:38 - INFO - Solicitando imagem SPOE2967039, Aguardando EasyDocs...
2020-12-07T09:59:38 - INFO - Solicitando imagem SPOE2969522, Aguardando EasyDocs...
2020-12-07T09:59:38 - INFO - Solicitando imagem SPOE2969522, Aguardando EasyDocs...
2020-12-07T09:59:38 - INFO - Solicitando imagem SPOE2980638, Aguardando EasyDocs...
2020-12-07T09:59:38 - INFO - Solicitando imagem SPOE2980637, Aguardando EasyDocs...
2020-12-07T09:59:38 - INFO - Solicitando imagem SPOE2987994, Aguardando EasyDocs...
2020-12-07T09:59:38 - INFO - Solicitando imagem SPOE2987993, Aguardando EasyDocs...
2020-12-07T09:59:38 - INFO - Solicitando imagem SPOE2987994, Aguardando EasyDocs...
2020-12-07T09:59:38 - INFO - Solicitando imagem SPOE2991409, Aguardando EasyDocs...
2020-12-07T09:59:38 - INFO - Solicitando imagem SPOE2996015, Aguardando EasyDocs...
2020-12-07T09:59:38 - INFO - Solicitando imagem SPOE3013891, Aguardando EasyDocs...
2020-12-07T09:59:38 - INFO - Solicitando imagem SPOE3005518, Aguardando EasyDocs...
2020-12-07T09:59:38 - INFO - Solicitando imagem SPOE3014473, Aguardando EasyDocs...
2020-12-07T09:59:38 - INFO - Solicitando imagem SPOE3015255, Aguardando EasyDocs...
2020-12-07T09:59:38 - INFO - Solicitando imagem SPOE3017985, Aguardando EasyDocs...
2020-12-07T09:59:38 - INFO - Solicitando imagem SPOE3017985, Aguardando EasyDocs...
2020-12-07T09:59:38 - INFO - Solicitando imagem SPOE3019549, Aguardando EasyDocs...
2020-12-07T09:59:38 - INFO - Solicitando imagem SPOE3022373, Aguardando EasyDocs...
2020-12-07T09:59:38 - INFO - Solicitando imagem SPOE3025616, Aguardando EasyDocs...
2020-12-07T09:59:38 - INFO - Solicitando imagem SPOE3024459, Aguardando EasyDocs...
2020-12-07T09:59:40 - INFO - Solicitando imagem SPOE2962307, Aguardando AgileProcess...
2020-12-07T09:59:40 - WARNING - (EasyDocs,AgileProcess) DOC:SPOE2962307 - (Não achou a imagem solicitada)
2020-12-07T09:59:40 - INFO - Solicitando imagem SPOE3010958, Aguardando AgileProcess...
2020-12-07T09:59:40 - INFO - Solicitando imagem SPOE3010958, Aguardando AgileProcess...
2020-12-07T09:59:40 - WARNING - (EasyDocs,AgileProcess) DOC:SPOE3010958 - (Não achou a imagem solicitada)
2020-12-07T09:59:41 - WARNING - (EasyDocs,AgileProcess) DOC:SPOE3010958 - (Não achou a imagem solicitada)
2020-12-07T09:59:41 - INFO - Solicitando imagem SPOE2960722, Aguardando AgileProcess...
2020-12-07T09:59:41 - INFO - Solicitando imagem SPOE2987994, Aguardando AgileProcess...
2020-12-07T09:59:41 - INFO - Solicitando imagem SPOE2980638, Aguardando AgileProcess...
2020-12-07T09:59:41 - WARNING - (EasyDocs,AgileProcess) DOC:SPOE2960722 - (Não achou a imagem solicitada)
2020-12-07T09:59:41 - WARNING - (EasyDocs,AgileProcess) DOC:SPOE2987994 - (Não achou a imagem solicitada)
2020-12-07T09:59:41 - WARNING - (EasyDocs,AgileProcess) DOC:SPOE2980638 - (Não achou a imagem solicitada)
2020-12-07T09:59:41 - INFO - Solicitando imagem SPOE2960722, Aguardando AgileProcess...
2020-12-07T09:59:41 - INFO - Solicitando imagem SPOE3010957, Aguardando AgileProcess...
2020-12-07T09:59:42 - WARNING - (EasyDocs,AgileProcess) DOC:SPOE2960722 - (Não achou a imagem solicitada)
2020-12-07T09:59:42 - WARNING - (EasyDocs,AgileProcess) DOC:SPOE3010957 - (Não achou a imagem solicitada)
2020-12-07T09:59:42 - INFO - Solicitando imagem SPOE3005518, Aguardando AgileProcess...
2020-12-07T09:59:42 - INFO - Solicitando imagem SPOE2967039, Aguardando AgileProcess...
2020-12-07T09:59:42 - INFO - Solicitando imagem SPOE2969522, Aguardando AgileProcess...
2020-12-07T09:59:42 - ERRO - Imagem AgileProcess SPOE3005518 : {} - checkImagemAgileProcess
2020-12-07T09:59:42 - WARNING - (EasyDocs,AgileProcess) DOC:SPOE3005518 - (Não achou a imagem solicitada)
2020-12-07T09:59:42 - WARNING - (EasyDocs,AgileProcess) DOC:SPOE2967039 - (Não achou a imagem solicitada)
2020-12-07T09:59:42 - WARNING - (EasyDocs,AgileProcess) DOC:SPOE2969522 - (Não achou a imagem solicitada)
2020-12-07T09:59:42 - INFO - Solicitando imagem SPOE3014473, Aguardando AgileProcess...
2020-12-07T09:59:42 - SUCESSO - Imagem EasyDocs RECE345461 : Imagem recebida.
2020-12-07T09:59:42 - WARNING - (EasyDocs,AgileProcess) DOC:SPOE3014473 - (Não achou a imagem solicitada)
2020-12-07T09:59:43 - INFO - Solicitando imagem SPOE2987994, Aguardando AgileProcess...
2020-12-07T09:59:43 - WARNING - (EasyDocs,AgileProcess) DOC:SPOE2987994 - (Não achou a imagem solicitada)
2020-12-07T09:59:43 - INFO - Solicitando imagem SPOE2967038, Aguardando AgileProcess...
2020-12-07T09:59:43 - WARNING - (EasyDocs,AgileProcess) DOC:SPOE2967038 - (Não achou a imagem solicitada)
2020-12-07T09:59:43 - INFO - Solicitando imagem SPOE2967038, Aguardando AgileProcess...
2020-12-07T09:59:44 - WARNING - (EasyDocs,AgileProcess) DOC:SPOE2967038 - (Não achou a imagem solicitada)
2020-12-07T09:59:44 - INFO - Solicitando imagem SPOE2967038, Aguardando AgileProcess...
2020-12-07T09:59:44 - WARNING - (EasyDocs,AgileProcess) DOC:SPOE2967038 - (Não achou a imagem solicitada)
2020-12-07T09:59:44 - INFO - Solicitando imagem SPOE2967038, Aguardando AgileProcess...
2020-12-07T09:59:44 - WARNING - (EasyDocs,AgileProcess) DOC:SPOE2967038 - (Não achou a imagem solicitada)
2020-12-07T09:59:44 - INFO - Solicitando imagem SPOE2962299, Aguardando AgileProcess...
2020-12-07T09:59:45 - WARNING - (EasyDocs,AgileProcess) DOC:SPOE2962299 - (Não achou a imagem solicitada)
2020-12-07T09:59:45 - WARNING - Envio IMAGEM - DANFE: 26200962136304001967550030000878931157526124 - API Carga: 0 - Message: Carga inexistente ou sem permissão para acesso - Success: false
2020-12-07T09:59:45 - INFO - Solicitando imagem SPOE2969522, Aguardando AgileProcess...
2020-12-07T09:59:45 - INFO - Solicitando imagem SPOE3010958, Aguardando AgileProcess...
2020-12-07T09:59:45 - INFO - Solicitando imagem SPOE2960722, Aguardando AgileProcess...
2020-12-07T09:59:46 - WARNING - (EasyDocs,AgileProcess) DOC:SPOE3010958 - (Não achou a imagem solicitada)
2020-12-07T09:59:46 - WARNING - (EasyDocs,AgileProcess) DOC:SPOE2960722 - (Não achou a imagem solicitada)
2020-12-07T09:59:46 - WARNING - (EasyDocs,AgileProcess) DOC:SPOE2969522 - (Não achou a imagem solicitada)
2020-12-07T09:59:46 - INFO - Solicitando imagem SPOE2967038, Aguardando AgileProcess...
2020-12-07T09:59:46 - INFO - Solicitando imagem SPOE2967039, Aguardando AgileProcess...
2020-12-07T09:59:46 - INFO - Solicitando imagem SPOE2996015, Aguardando AgileProcess...
2020-12-07T09:59:46 - SUCESSO - Imagem EasyDocs RECE352552 : Imagem recebida.
2020-12-07T09:59:46 - WARNING - (EasyDocs,AgileProcess) DOC:SPOE2967039 - (Não achou a imagem solicitada)
2020-12-07T09:59:46 - WARNING - (EasyDocs,AgileProcess) DOC:SPOE2967038 - (Não achou a imagem solicitada)
2020-12-07T09:59:46 - SUCESSO - Imagem AgileProcess SPOE2996015 : Imagem recebida.
2020-12-07T09:59:46 - INFO - Solicitando imagem SPOE2987993, Aguardando AgileProcess...
2020-12-07T09:59:46 - INFO - Solicitando imagem SPOE3022373, Aguardando AgileProcess...
2020-12-07T09:59:46 - INFO - Solicitando imagem SPOE3019549, Aguardando AgileProcess...
2020-12-07T09:59:47 - WARNING - (EasyDocs,AgileProcess) DOC:SPOE2987993 - (Não achou a imagem solicitada)
2020-12-07T09:59:47 - WARNING - (EasyDocs,AgileProcess) DOC:SPOE3022373 - (Não achou a imagem solicitada)
2020-12-07T09:59:47 - WARNING - (EasyDocs,AgileProcess) DOC:SPOE3019549 - (Não achou a imagem solicitada)
2020-12-07T09:59:47 - INFO - Solicitando imagem SPOE3015255, Aguardando AgileProcess...
2020-12-07T09:59:47 - INFO - Solicitando imagem SPOE3013891, Aguardando AgileProcess...
2020-12-07T09:59:47 - INFO - Solicitando imagem SPOE3017985, Aguardando AgileProcess...
2020-12-07T09:59:47 - ERRO - Imagem AgileProcess SPOE3015255 : {} - checkImagemAgileProcess
2020-12-07T09:59:47 - WARNING - (EasyDocs,AgileProcess) DOC:SPOE3015255 - (Não achou a imagem solicitada)
2020-12-07T09:59:47 - WARNING - (EasyDocs,AgileProcess) DOC:SPOE3017985 - (Não achou a imagem solicitada)
2020-12-07T09:59:47 - ERRO - Imagem AgileProcess SPOE3013891 : {} - checkImagemAgileProcess
2020-12-07T09:59:47 - WARNING - (EasyDocs,AgileProcess) DOC:SPOE3013891 - (Não achou a imagem solicitada)
2020-12-07T09:59:47 - INFO - Solicitando imagem SPOE2980637, Aguardando AgileProcess...
2020-12-07T09:59:47 - INFO - Solicitando imagem SPOE3024459, Aguardando AgileProcess...
2020-12-07T09:59:47 - INFO - Solicitando imagem SPOE2967038, Aguardando AgileProcess...
2020-12-07T09:59:48 - WARNING - (EasyDocs,AgileProcess) DOC:SPOE3024459 - (Não achou a imagem solicitada)
2020-12-07T09:59:48 - WARNING - (EasyDocs,AgileProcess) DOC:SPOE2980637 - (Não achou a imagem solicitada)
2020-12-07T09:59:48 - WARNING - (EasyDocs,AgileProcess) DOC:SPOE2967038 - (Não achou a imagem solicitada)
2020-12-07T09:59:48 - INFO - Solicitando imagem SPOE2991409, Aguardando AgileProcess...
2020-12-07T09:59:48 - INFO - Solicitando imagem SPOE3017985, Aguardando AgileProcess...
2020-12-07T09:59:48 - INFO - Solicitando imagem SPOE3025616, Aguardando AgileProcess...
2020-12-07T09:59:48 - INFO - Solicitando imagem SPOE2967039, Aguardando AgileProcess...
2020-12-07T09:59:48 - WARNING - (EasyDocs,AgileProcess) DOC:SPOE2991409 - (Não achou a imagem solicitada)
2020-12-07T09:59:48 - WARNING - (EasyDocs,AgileProcess) DOC:SPOE3017985 - (Não achou a imagem solicitada)
2020-12-07T09:59:48 - WARNING - (EasyDocs,AgileProcess) DOC:SPOE3025616 - (Não achou a imagem solicitada)
2020-12-07T09:59:49 - WARNING - (EasyDocs,AgileProcess) DOC:SPOE2967039 - (Não achou a imagem solicitada)
2020-12-07T09:59:49 - WARNING - Envio IMAGEM - DANFE: 26201162136304001967550030000880761059057980 - API Carga: 0 - Message: Carga inexistente ou sem permissão para acesso - Success: false
2020-12-07T09:59:51 - SUCESSO - Envio IMAGEM - DANFE: 35201062136304001100550030006801251925430687 - API Carga: 6337056 - Message:  Origem AGILEPROCESS - Success: true
2020-12-07T09:59:51 - AVISO - Solicitado comprovantes na Easydocs - (39)
2020-12-07T10:07:41 - WARNING - (Validação Falhou) - Destinatário: 62136304001100, NF: 0087915, NÃO OK, Erro: false,AxiosErro: false, API Success: true.
2020-12-07T10:07:43 - WARNING - (Validação Falhou) - Destinatário: 62136304001100, NF: 0088116, NÃO OK, Erro: false,AxiosErro: false, API Success: true.
2020-12-07T10:07:43 - WARNING - (Validação Falhou) - Destinatário: 62136304001967, NF: 0087893, NÃO OK, Erro: false,AxiosErro: false, API Success: true.
2020-12-07T10:07:43 - WARNING - (Validação Falhou) - Destinatário: 62136304003234, NF: 0681716, NÃO OK, Erro: false,AxiosErro: false, API Success: true.
2020-12-07T10:07:43 - WARNING - (Validação Falhou) - Destinatário: 41231515000180, NF: 0680833, NÃO OK, Erro: false,AxiosErro: false, API Success: true.
2020-12-07T10:07:43 - WARNING - (Validação Falhou) - Destinatário: 62136304000219, NF: 0681421, NÃO OK, Erro: false,AxiosErro: false, API Success: true.
2020-12-07T10:07:43 - WARNING - (Validação Falhou) - Destinatário: 42685141391, NF: 0681505, NÃO OK, Erro: false,AxiosErro: false, API Success: true.
2020-12-07T10:07:43 - WARNING - (Validação Falhou) - Destinatário: 62136304001967, NF: 0087935, NÃO OK, Erro: false,AxiosErro: false, API Success: true.
2020-12-07T10:07:43 - WARNING - (Validação Falhou) - Destinatário: 62136304001100, NF: 0087937, NÃO OK, Erro: false,AxiosErro: false, API Success: true.
2020-12-07T10:07:43 - WARNING - (Validação Falhou) - Destinatário: 62136304003234, NF: 0680656, NÃO OK, Erro: false,AxiosErro: false, API Success: true.
2020-12-07T10:07:43 - WARNING - (Validação Falhou) - Destinatário: 11397331000123, NF: 0088076, NÃO OK, Erro: false,AxiosErro: false, API Success: true.
2020-12-07T10:07:44 - WARNING - (Validação Falhou) - Destinatário: 62136304001967, NF: 0087968, NÃO OK, Erro: false,AxiosErro: false, API Success: true.
2020-12-07T10:07:45 - WARNING - (Validação Falhou) - Destinatário: 62136304001967, NF: 0087924, NÃO OK, Erro: false,AxiosErro: false, API Success: true.
2020-12-07T10:07:45 - WARNING - (Validação Falhou) - Destinatário: 62136304001967, NF: 0681872, NÃO OK, Erro: false,AxiosErro: false, API Success: true.
2020-12-07T10:07:45 - WARNING - (Validação Falhou) - Destinatário: 62136304001967, NF: 0681108, NÃO OK, Erro: false,AxiosErro: false, API Success: true.
2020-12-07T10:07:45 - WARNING - (Validação Falhou) - Destinatário: 18860117000100, NF: 0681107, NÃO OK, Erro: false,AxiosErro: false, API Success: true.
2020-12-07T10:07:45 - WARNING - (Validação Falhou) - Destinatário: 62136304001967, NF: 0087892, NÃO OK, Erro: false,AxiosErro: false, API Success: true.
2020-12-07T10:07:45 - WARNING - (Validação Falhou) - Destinatário: 06887784000106, NF: 0680836, NÃO OK, Erro: false,AxiosErro: false, API Success: true.
2020-12-07T10:07:45 - WARNING - (Validação Falhou) - Destinatário: 62136304000219, NF: 0681417, NÃO OK, Erro: false,AxiosErro: false, API Success: true.
2020-12-07T10:07:45 - WARNING - (Validação Falhou) - Destinatário: 62136304003234, NF: 0046275, NÃO OK, Erro: false,AxiosErro: false, API Success: true.
2020-12-07T10:07:45 - WARNING - (Validação Falhou) - Destinatário: 62136304001967, NF: 0046301, NÃO OK, Erro: false,AxiosErro: false, API Success: true.
2020-12-07T10:07:46 - WARNING - (Validação Falhou) - Destinatário: 09143880000120, NF: 0680685, NÃO OK, Erro: false,AxiosErro: false, API Success: true.
2020-12-07T10:07:46 - WARNING - (Validação Falhou) - Destinatário: 62136304001967, NF: 0681837, NÃO OK, Erro: false,AxiosErro: false, API Success: true.
2020-12-07T10:07:46 - WARNING - (Validação Falhou) - Destinatário: 05523677000128, NF: 0681504, NÃO OK, Erro: false,AxiosErro: false, API Success: true.
2020-12-07T10:07:46 - WARNING - (Validação Falhou) - Destinatário: 07263970000129, NF: 0681868, NÃO OK, Erro: false,AxiosErro: false, API Success: true.
2020-12-07T10:07:46 - WARNING - (Validação Falhou) - Destinatário: 18860117000100, NF: 0681748, NÃO OK, Erro: false,AxiosErro: false, API Success: true.
2020-12-07T10:07:46 - WARNING - (Validação Falhou) - Destinatário: 62136304003234, NF: 0681759, NÃO OK, Erro: false,AxiosErro: false, API Success: true.
2020-12-07T10:07:46 - WARNING - (Validação Falhou) - Destinatário: 11500855000289, NF: 0681572, NÃO OK, Erro: false,AxiosErro: false, API Success: true.
2020-12-07T10:07:46 - WARNING - (Validação Falhou) - Destinatário: 62136304001967, NF: 0680641, NÃO OK, Erro: false,AxiosErro: false, API Success: true.
2020-12-07T10:07:46 - WARNING - (Validação Falhou) - Destinatário: 62136304003234, NF: 0681871, NÃO OK, Erro: false,AxiosErro: false, API Success: true.
2020-12-07T10:07:46 - WARNING - (Validação Falhou) - Destinatário: 62136304001967, NF: 0681761, NÃO OK, Erro: false,AxiosErro: false, API Success: true.
2020-12-07T10:07:47 - WARNING - (Validação Falhou) - Destinatário: 00150422000143, NF: 0681867, NÃO OK, Erro: false,AxiosErro: false, API Success: true.
2020-12-07T10:08:41 - WARNING - (Validação Falhou) - Destinatário: 11500855000106, NF: 0681140, NÃO OK, Erro: false,AxiosErro: false, API Success: true.
2020-12-07T10:29:39 - INFO - Solicitando imagem SPOE3010957, Aguardando EasyDocs...
2020-12-07T10:29:39 - INFO - Solicitando imagem SPOE3010958, Aguardando EasyDocs...
2020-12-07T10:29:39 - INFO - Solicitando imagem SPOE3010958, Aguardando EasyDocs...
2020-12-07T10:29:39 - INFO - Solicitando imagem SPOE2960722, Aguardando EasyDocs...
2020-12-07T10:29:39 - INFO - Solicitando imagem SPOE2960722, Aguardando EasyDocs...
2020-12-07T10:29:39 - INFO - Solicitando imagem SPOE3010958, Aguardando EasyDocs...
2020-12-07T10:29:39 - INFO - Solicitando imagem SPOE2962299, Aguardando EasyDocs...
2020-12-07T10:29:39 - INFO - Solicitando imagem SPOE2960722, Aguardando EasyDocs...
2020-12-07T10:29:39 - INFO - Solicitando imagem SPOE2962307, Aguardando EasyDocs...
2020-12-07T10:29:39 - INFO - Solicitando imagem SPOE2967038, Aguardando EasyDocs...
2020-12-07T10:29:39 - INFO - Solicitando imagem SPOE2967038, Aguardando EasyDocs...
2020-12-07T10:29:39 - INFO - Solicitando imagem SPOE2967038, Aguardando EasyDocs...
2020-12-07T10:29:39 - INFO - Solicitando imagem SPOE2967038, Aguardando EasyDocs...
2020-12-07T10:29:39 - INFO - Solicitando imagem SPOE2967038, Aguardando EasyDocs...
2020-12-07T10:29:39 - INFO - Solicitando imagem SPOE2967038, Aguardando EasyDocs...
2020-12-07T10:29:39 - INFO - Solicitando imagem SPOE2967039, Aguardando EasyDocs...
2020-12-07T10:29:39 - INFO - Solicitando imagem SPOE2967039, Aguardando EasyDocs...
2020-12-07T10:29:39 - INFO - Solicitando imagem SPOE2967039, Aguardando EasyDocs...
2020-12-07T10:29:39 - INFO - Solicitando imagem SPOE2969522, Aguardando EasyDocs...
2020-12-07T10:29:39 - INFO - Solicitando imagem SPOE2969522, Aguardando EasyDocs...
2020-12-07T10:29:39 - INFO - Solicitando imagem SPOE2980638, Aguardando EasyDocs...
2020-12-07T10:29:39 - INFO - Solicitando imagem SPOE2980637, Aguardando EasyDocs...
2020-12-07T10:29:39 - INFO - Solicitando imagem SPOE2987994, Aguardando EasyDocs...
2020-12-07T10:29:39 - INFO - Solicitando imagem SPOE2987993, Aguardando EasyDocs...
2020-12-07T10:29:39 - INFO - Solicitando imagem SPOE2987994, Aguardando EasyDocs...
2020-12-07T10:29:39 - INFO - Solicitando imagem SPOE2991409, Aguardando EasyDocs...
2020-12-07T10:29:39 - INFO - Solicitando imagem SPOE3005518, Aguardando EasyDocs...
2020-12-07T10:29:39 - INFO - Solicitando imagem SPOE3013891, Aguardando EasyDocs...
2020-12-07T10:29:39 - INFO - Solicitando imagem SPOE3014473, Aguardando EasyDocs...
2020-12-07T10:29:39 - INFO - Solicitando imagem SPOE3015255, Aguardando EasyDocs...
2020-12-07T10:29:39 - INFO - Solicitando imagem SPOE3017985, Aguardando EasyDocs...
2020-12-07T10:29:39 - INFO - Solicitando imagem SPOE3017985, Aguardando EasyDocs...
2020-12-07T10:29:39 - INFO - Solicitando imagem SPOE3019549, Aguardando EasyDocs...
2020-12-07T10:29:39 - INFO - Solicitando imagem SPOE3022373, Aguardando EasyDocs...
2020-12-07T10:29:39 - INFO - Solicitando imagem SPOE3025616, Aguardando EasyDocs...
2020-12-07T10:29:39 - INFO - Solicitando imagem SPOE3024459, Aguardando EasyDocs...
2020-12-07T10:29:39 - INFO - Solicitando imagem SPOE3010958, Aguardando AgileProcess...
2020-12-07T10:29:40 - WARNING - (EasyDocs,AgileProcess) DOC:SPOE3010958 - (Não achou a imagem solicitada)
2020-12-07T10:29:40 - INFO - Solicitando imagem SPOE2962307, Aguardando AgileProcess...
2020-12-07T10:29:40 - WARNING - (EasyDocs,AgileProcess) DOC:SPOE2962307 - (Não achou a imagem solicitada)
2020-12-07T10:29:40 - INFO - Solicitando imagem SPOE2960722, Aguardando AgileProcess...
2020-12-07T10:29:40 - INFO - Solicitando imagem SPOE3010958, Aguardando AgileProcess...
2020-12-07T10:29:40 - WARNING - (EasyDocs,AgileProcess) DOC:SPOE2960722 - (Não achou a imagem solicitada)
2020-12-07T10:29:40 - WARNING - (EasyDocs,AgileProcess) DOC:SPOE3010958 - (Não achou a imagem solicitada)
2020-12-07T10:29:40 - INFO - Solicitando imagem SPOE2960722, Aguardando AgileProcess...
2020-12-07T10:29:41 - INFO - Solicitando imagem SPOE2967038, Aguardando AgileProcess...
2020-12-07T10:29:41 - WARNING - (EasyDocs,AgileProcess) DOC:SPOE2960722 - (Não achou a imagem solicitada)
2020-12-07T10:29:41 - WARNING - (EasyDocs,AgileProcess) DOC:SPOE2967038 - (Não achou a imagem solicitada)
2020-12-07T10:29:41 - INFO - Solicitando imagem SPOE2967038, Aguardando AgileProcess...
2020-12-07T10:29:41 - INFO - Solicitando imagem SPOE3010958, Aguardando AgileProcess...
2020-12-07T10:29:41 - WARNING - (EasyDocs,AgileProcess) DOC:SPOE2967038 - (Não achou a imagem solicitada)
2020-12-07T10:29:41 - WARNING - (EasyDocs,AgileProcess) DOC:SPOE3010958 - (Não achou a imagem solicitada)
2020-12-07T10:29:41 - INFO - Solicitando imagem SPOE2969522, Aguardando AgileProcess...
2020-12-07T10:29:41 - INFO - Solicitando imagem SPOE2967039, Aguardando AgileProcess...
2020-12-07T10:29:42 - WARNING - (EasyDocs,AgileProcess) DOC:SPOE2969522 - (Não achou a imagem solicitada)
2020-12-07T10:29:42 - WARNING - (EasyDocs,AgileProcess) DOC:SPOE2967039 - (Não achou a imagem solicitada)
2020-12-07T10:29:42 - INFO - Solicitando imagem SPOE2967038, Aguardando AgileProcess...
2020-12-07T10:29:42 - WARNING - (EasyDocs,AgileProcess) DOC:SPOE2967038 - (Não achou a imagem solicitada)
2020-12-07T10:29:42 - INFO - Solicitando imagem SPOE2962299, Aguardando AgileProcess...
2020-12-07T10:29:43 - WARNING - (EasyDocs,AgileProcess) DOC:SPOE2962299 - (Não achou a imagem solicitada)
2020-12-07T10:29:43 - INFO - Solicitando imagem SPOE2967039, Aguardando AgileProcess...
2020-12-07T10:29:43 - INFO - Solicitando imagem SPOE3013891, Aguardando AgileProcess...
2020-12-07T10:29:43 - ERRO - Imagem AgileProcess SPOE3013891 : {} - checkImagemAgileProcess
2020-12-07T10:29:43 - WARNING - (EasyDocs,AgileProcess) DOC:SPOE3013891 - (Não achou a imagem solicitada)
2020-12-07T10:29:43 - WARNING - (EasyDocs,AgileProcess) DOC:SPOE2967039 - (Não achou a imagem solicitada)
2020-12-07T10:29:43 - INFO - Solicitando imagem SPOE2987994, Aguardando AgileProcess...
2020-12-07T10:29:43 - INFO - Solicitando imagem SPOE2987993, Aguardando AgileProcess...
2020-12-07T10:29:43 - INFO - Solicitando imagem SPOE2960722, Aguardando AgileProcess...
2020-12-07T10:29:44 - WARNING - (EasyDocs,AgileProcess) DOC:SPOE2987994 - (Não achou a imagem solicitada)
2020-12-07T10:29:44 - WARNING - (EasyDocs,AgileProcess) DOC:SPOE2987993 - (Não achou a imagem solicitada)
2020-12-07T10:29:44 - WARNING - (EasyDocs,AgileProcess) DOC:SPOE2960722 - (Não achou a imagem solicitada)
2020-12-07T10:29:44 - INFO - Solicitando imagem SPOE3025616, Aguardando AgileProcess...
2020-12-07T10:29:44 - INFO - Solicitando imagem SPOE2967038, Aguardando AgileProcess...
2020-12-07T10:29:44 - INFO - Solicitando imagem SPOE3015255, Aguardando AgileProcess...
2020-12-07T10:29:44 - WARNING - (EasyDocs,AgileProcess) DOC:SPOE3025616 - (Não achou a imagem solicitada)
2020-12-07T10:29:44 - WARNING - (EasyDocs,AgileProcess) DOC:SPOE2967038 - (Não achou a imagem solicitada)
2020-12-07T10:29:44 - ERRO - Imagem AgileProcess SPOE3015255 : {} - checkImagemAgileProcess
2020-12-07T10:29:44 - WARNING - (EasyDocs,AgileProcess) DOC:SPOE3015255 - (Não achou a imagem solicitada)
2020-12-07T10:29:44 - INFO - Solicitando imagem SPOE3019549, Aguardando AgileProcess...
2020-12-07T10:29:44 - INFO - Solicitando imagem SPOE2967038, Aguardando AgileProcess...
2020-12-07T10:29:44 - INFO - Solicitando imagem SPOE3017985, Aguardando AgileProcess...
2020-12-07T10:29:45 - WARNING - (EasyDocs,AgileProcess) DOC:SPOE3017985 - (Não achou a imagem solicitada)
2020-12-07T10:29:45 - WARNING - (EasyDocs,AgileProcess) DOC:SPOE3019549 - (Não achou a imagem solicitada)
2020-12-07T10:29:45 - WARNING - (EasyDocs,AgileProcess) DOC:SPOE2967038 - (Não achou a imagem solicitada)
2020-12-07T10:29:45 - INFO - Solicitando imagem SPOE2980638, Aguardando AgileProcess...
2020-12-07T10:29:45 - INFO - Solicitando imagem SPOE2980637, Aguardando AgileProcess...
2020-12-07T10:29:45 - INFO - Solicitando imagem SPOE3005518, Aguardando AgileProcess...
2020-12-07T10:29:45 - WARNING - (EasyDocs,AgileProcess) DOC:SPOE2980637 - (Não achou a imagem solicitada)
2020-12-07T10:29:45 - WARNING - (EasyDocs,AgileProcess) DOC:SPOE2980638 - (Não achou a imagem solicitada)
2020-12-07T10:29:45 - ERRO - Imagem AgileProcess SPOE3005518 : {} - checkImagemAgileProcess
2020-12-07T10:29:45 - WARNING - (EasyDocs,AgileProcess) DOC:SPOE3005518 - (Não achou a imagem solicitada)
2020-12-07T10:29:45 - INFO - Solicitando imagem SPOE2987994, Aguardando AgileProcess...
2020-12-07T10:29:45 - INFO - Solicitando imagem SPOE3017985, Aguardando AgileProcess...
2020-12-07T10:29:45 - INFO - Solicitando imagem SPOE2967039, Aguardando AgileProcess...
2020-12-07T10:29:46 - WARNING - (EasyDocs,AgileProcess) DOC:SPOE2987994 - (Não achou a imagem solicitada)
2020-12-07T10:29:46 - WARNING - (EasyDocs,AgileProcess) DOC:SPOE2967039 - (Não achou a imagem solicitada)
2020-12-07T10:29:46 - WARNING - (EasyDocs,AgileProcess) DOC:SPOE3017985 - (Não achou a imagem solicitada)
2020-12-07T10:29:46 - INFO - Solicitando imagem SPOE2969522, Aguardando AgileProcess...
2020-12-07T10:29:46 - INFO - Solicitando imagem SPOE3022373, Aguardando AgileProcess...
2020-12-07T10:29:46 - INFO - Solicitando imagem SPOE3010957, Aguardando AgileProcess...
2020-12-07T10:29:46 - WARNING - (EasyDocs,AgileProcess) DOC:SPOE3022373 - (Não achou a imagem solicitada)
2020-12-07T10:29:46 - WARNING - (EasyDocs,AgileProcess) DOC:SPOE2969522 - (Não achou a imagem solicitada)
2020-12-07T10:29:46 - WARNING - (EasyDocs,AgileProcess) DOC:SPOE3010957 - (Não achou a imagem solicitada)
2020-12-07T10:29:47 - INFO - Solicitando imagem SPOE3024459, Aguardando AgileProcess...
2020-12-07T10:29:47 - INFO - Solicitando imagem SPOE3014473, Aguardando AgileProcess...
2020-12-07T10:29:47 - INFO - Solicitando imagem SPOE2967038, Aguardando AgileProcess...
2020-12-07T10:29:47 - WARNING - (EasyDocs,AgileProcess) DOC:SPOE3024459 - (Não achou a imagem solicitada)
2020-12-07T10:29:47 - WARNING - (EasyDocs,AgileProcess) DOC:SPOE3014473 - (Não achou a imagem solicitada)
2020-12-07T10:29:47 - WARNING - (EasyDocs,AgileProcess) DOC:SPOE2967038 - (Não achou a imagem solicitada)
2020-12-07T10:29:47 - INFO - Solicitando imagem SPOE2991409, Aguardando AgileProcess...
2020-12-07T10:29:47 - WARNING - (EasyDocs,AgileProcess) DOC:SPOE2991409 - (Não achou a imagem solicitada)
2020-12-07T10:29:47 - AVISO - Solicitado comprovantes na Easydocs - (36)
2020-12-07T10:38:41 - WARNING - (Validação Falhou) - Destinatário: 62136304001967, NF: 0087892, NÃO OK, Erro: false,AxiosErro: false, API Success: true.
2020-12-07T10:38:43 - WARNING - (Validação Falhou) - Destinatário: 62136304001967, NF: 0087968, NÃO OK, Erro: false,AxiosErro: false, API Success: true.
2020-12-07T10:38:43 - WARNING - (Validação Falhou) - Destinatário: 62136304001967, NF: 0087935, NÃO OK, Erro: false,AxiosErro: false, API Success: true.
2020-12-07T10:38:43 - WARNING - (Validação Falhou) - Destinatário: 62136304001967, NF: 0087924, NÃO OK, Erro: false,AxiosErro: false, API Success: true.
2020-12-07T10:38:43 - WARNING - (Validação Falhou) - Destinatário: 06887784000106, NF: 0680836, NÃO OK, Erro: false,AxiosErro: false, API Success: true.
2020-12-07T10:38:43 - WARNING - (Validação Falhou) - Destinatário: 62136304003234, NF: 0046275, NÃO OK, Erro: false,AxiosErro: false, API Success: true.
2020-12-07T10:38:43 - WARNING - (Validação Falhou) - Destinatário: 62136304003234, NF: 0681759, NÃO OK, Erro: false,AxiosErro: false, API Success: true.
2020-12-07T10:38:43 - WARNING - (Validação Falhou) - Destinatário: 62136304001100, NF: 0087937, NÃO OK, Erro: false,AxiosErro: false, API Success: true.
2020-12-07T10:38:43 - WARNING - (Validação Falhou) - Destinatário: 62136304000219, NF: 0681421, NÃO OK, Erro: false,AxiosErro: false, API Success: true.
2020-12-07T10:38:43 - WARNING - (Validação Falhou) - Destinatário: 62136304001100, NF: 0088116, NÃO OK, Erro: false,AxiosErro: false, API Success: true.
2020-12-07T10:38:43 - WARNING - (Validação Falhou) - Destinatário: 62136304003234, NF: 0681716, NÃO OK, Erro: false,AxiosErro: false, API Success: true.
2020-12-07T10:38:44 - WARNING - (Validação Falhou) - Destinatário: 62136304000219, NF: 0681417, NÃO OK, Erro: false,AxiosErro: false, API Success: true.
2020-12-07T10:38:45 - WARNING - (Validação Falhou) - Destinatário: 11397331000123, NF: 0088076, NÃO OK, Erro: false,AxiosErro: false, API Success: true.
2020-12-07T10:38:45 - WARNING - (Validação Falhou) - Destinatário: 05523677000128, NF: 0681504, NÃO OK, Erro: false,AxiosErro: false, API Success: true.
2020-12-07T10:38:45 - WARNING - (Validação Falhou) - Destinatário: 11500855000289, NF: 0681572, NÃO OK, Erro: false,AxiosErro: false, API Success: true.
2020-12-07T10:38:45 - WARNING - (Validação Falhou) - Destinatário: 00150422000143, NF: 0681867, NÃO OK, Erro: false,AxiosErro: false, API Success: true.
2020-12-07T10:38:45 - WARNING - (Validação Falhou) - Destinatário: 62136304001967, NF: 0087893, NÃO OK, Erro: false,AxiosErro: false, API Success: true.
2020-12-07T10:38:45 - WARNING - (Validação Falhou) - Destinatário: 62136304003234, NF: 0680656, NÃO OK, Erro: false,AxiosErro: false, API Success: true.
2020-12-07T10:38:45 - WARNING - (Validação Falhou) - Destinatário: 62136304001100, NF: 0087915, NÃO OK, Erro: false,AxiosErro: false, API Success: true.
2020-12-07T10:38:45 - WARNING - (Validação Falhou) - Destinatário: 18860117000100, NF: 0681748, NÃO OK, Erro: false,AxiosErro: false, API Success: true.
2020-12-07T10:38:45 - WARNING - (Validação Falhou) - Destinatário: 62136304001967, NF: 0681837, NÃO OK, Erro: false,AxiosErro: false, API Success: true.
2020-12-07T10:38:46 - WARNING - (Validação Falhou) - Destinatário: 62136304001967, NF: 0681872, NÃO OK, Erro: false,AxiosErro: false, API Success: true.
2020-12-07T10:38:46 - WARNING - (Validação Falhou) - Destinatário: 62136304001967, NF: 0681761, NÃO OK, Erro: false,AxiosErro: false, API Success: true.
2020-12-07T10:38:46 - WARNING - (Validação Falhou) - Destinatário: 18860117000100, NF: 0681107, NÃO OK, Erro: false,AxiosErro: false, API Success: true.
2020-12-07T10:38:46 - WARNING - (Validação Falhou) - Destinatário: 62136304001967, NF: 0046301, NÃO OK, Erro: false,AxiosErro: false, API Success: true.
2020-12-07T10:38:46 - WARNING - (Validação Falhou) - Destinatário: 09143880000120, NF: 0680685, NÃO OK, Erro: false,AxiosErro: false, API Success: true.
2020-12-07T10:38:46 - WARNING - (Validação Falhou) - Destinatário: 62136304001967, NF: 0680641, NÃO OK, Erro: false,AxiosErro: false, API Success: true.
2020-12-07T10:38:46 - WARNING - (Validação Falhou) - Destinatário: 07263970000129, NF: 0681868, NÃO OK, Erro: false,AxiosErro: false, API Success: true.
2020-12-07T10:38:46 - WARNING - (Validação Falhou) - Destinatário: 42685141391, NF: 0681505, NÃO OK, Erro: false,AxiosErro: false, API Success: true.
2020-12-07T10:38:46 - WARNING - (Validação Falhou) - Destinatário: 41231515000180, NF: 0680833, NÃO OK, Erro: false,AxiosErro: false, API Success: true.
2020-12-07T10:38:46 - WARNING - (Validação Falhou) - Destinatário: 62136304001967, NF: 0681108, NÃO OK, Erro: false,AxiosErro: false, API Success: true.
2020-12-07T10:38:48 - WARNING - (Validação Falhou) - Destinatário: 62136304003234, NF: 0681871, NÃO OK, Erro: false,AxiosErro: false, API Success: true.
2020-12-07T10:39:41 - WARNING - (Validação Falhou) - Destinatário: 11500855000106, NF: 0681140, NÃO OK, Erro: false,AxiosErro: false, API Success: true.
