2020-11-27T11:25:39 - MSG - Startup serviço
2020-11-27T11:25:40 - AVISO - Setup cliente 62136304
2020-11-27T11:25:42 - INFO - Sucesso - Logado na API (true,3907,Developer)
2020-11-27T11:25:43 - ERRO - loadAPI: {"url":"http://beta.martinlabs.com.br/iTrackServer-1.0-SNAPSHOT/ws/User/Carga/Tracking/Ocorrencia/Danfe","err":{"message":"Request failed with status code 500","name":"Error","stack":"Error: Request failed with status code 500\n    at createError (D:
2020-11-27T11:25:43 - ERRO - Envio TRACKING: 35200962136304001100550030006774331274984821 - (STATUS: "500 - Internal Server Error" ) ID:15 - API Carga: 6337547
2020-11-27T11:25:43 - ERRO - loadAPI: {"url":"http://beta.martinlabs.com.br/iTrackServer-1.0-SNAPSHOT/ws/User/Carga/Tracking/Ocorrencia/Danfe","err":{"message":"Request failed with status code 500","name":"Error","stack":"Error: Request failed with status code 500\n    at createError (D:
2020-11-27T11:25:43 - ERRO - Envio TRACKING: 35200962136304001100550030006774331274984821 - (STATUS: "500 - Internal Server Error" ) ID:161 - API Carga: 6337547
2020-11-27T11:25:43 - AVISO - Ocorrencias de tracking para enviar - (2)
2020-11-27T11:25:53 - ERRO - loadAPI: {"url":"http://beta.martinlabs.com.br/iTrackServer-1.0-SNAPSHOT/ws/User/Carga/Tracking/Ocorrencia/Danfe","err":{"message":"Request failed with status code 500","name":"Error","stack":"Error: Request failed with status code 500\n    at createError (D:
2020-11-27T11:25:53 - ERRO - Envio TRACKING: 35200962136304001100550030006774381733208440 - (STATUS: "500 - Internal Server Error" ) ID:16 - API Carga: 6337550
2020-11-27T11:25:53 - ERRO - loadAPI: {"url":"http://beta.martinlabs.com.br/iTrackServer-1.0-SNAPSHOT/ws/User/Carga/Tracking/Ocorrencia/Danfe","err":{"message":"Request failed with status code 500","name":"Error","stack":"Error: Request failed with status code 500\n    at createError (D:
2020-11-27T11:25:53 - ERRO - Envio TRACKING: 35200962136304001100550030006774381733208440 - (STATUS: "500 - Internal Server Error" ) ID:206 - API Carga: 6337550
2020-11-27T11:25:53 - AVISO - Ocorrencias de tracking para enviar - (2)
2020-11-27T11:26:03 - ERRO - loadAPI: {"url":"http://beta.martinlabs.com.br/iTrackServer-1.0-SNAPSHOT/ws/User/Carga/Tracking/Ocorrencia/Danfe","err":{"message":"Request failed with status code 500","name":"Error","stack":"Error: Request failed with status code 500\n    at createError (D:
2020-11-27T11:26:03 - ERRO - Envio TRACKING: 35200962136304001100550030006774431254676125 - (STATUS: "500 - Internal Server Error" ) ID:160 - API Carga: 6337554
2020-11-27T11:26:03 - ERRO - loadAPI: {"url":"http://beta.martinlabs.com.br/iTrackServer-1.0-SNAPSHOT/ws/User/Carga/Tracking/Ocorrencia/Danfe","err":{"message":"Request failed with status code 500","name":"Error","stack":"Error: Request failed with status code 500\n    at createError (D:
2020-11-27T11:26:03 - ERRO - Envio TRACKING: 35200962136304001100550030006774431254676125 - (STATUS: "500 - Internal Server Error" ) ID:17 - API Carga: 6337554
2020-11-27T11:26:03 - AVISO - Ocorrencias de tracking para enviar - (2)
2020-11-27T14:05:52 - MSG - Startup serviço
2020-11-27T14:05:52 - AVISO - Setup cliente 62136304
2020-11-27T14:05:55 - INFO - Sucesso - Logado na API (true,3907,Developer)
2020-11-27T14:05:55 - INFO - Solicitando imagem SPOE2879354, Aguardando EasyDocs...
2020-11-27T14:05:55 - INFO - Solicitando imagem SPOE2884984, Aguardando EasyDocs...
2020-11-27T14:05:55 - INFO - Solicitando imagem SPOE2884983, Aguardando EasyDocs...
2020-11-27T14:05:55 - INFO - Solicitando imagem SPOE2892194, Aguardando EasyDocs...
2020-11-27T14:05:55 - INFO - Solicitando imagem SPOE2892196, Aguardando EasyDocs...
2020-11-27T14:05:55 - INFO - Solicitando imagem SPOE2895626, Aguardando EasyDocs...
2020-11-27T14:05:55 - INFO - Solicitando imagem SPOE2920209, Aguardando EasyDocs...
2020-11-27T14:05:55 - INFO - Solicitando imagem SPOE2920210, Aguardando EasyDocs...
2020-11-27T14:05:55 - INFO - Solicitando imagem SPOE2922106, Aguardando EasyDocs...
2020-11-27T14:05:55 - INFO - Solicitando imagem SPOE2922105, Aguardando EasyDocs...
2020-11-27T14:05:55 - INFO - Solicitando imagem SPOE2922799, Aguardando EasyDocs...
2020-11-27T14:05:55 - INFO - Solicitando imagem SPOE2922798, Aguardando EasyDocs...
2020-11-27T14:05:55 - INFO - Solicitando imagem SPOE2922788, Aguardando EasyDocs...
2020-11-27T14:05:55 - INFO - Solicitando imagem SPOE2922798, Aguardando EasyDocs...
2020-11-27T14:05:55 - INFO - Solicitando imagem SPOE2922798, Aguardando EasyDocs...
2020-11-27T14:05:55 - INFO - Solicitando imagem SPOE2926922, Aguardando EasyDocs...
2020-11-27T14:05:55 - INFO - Solicitando imagem SPOE2932293, Aguardando EasyDocs...
2020-11-27T14:05:55 - INFO - Solicitando imagem SPOE2932292, Aguardando EasyDocs...
2020-11-27T14:05:55 - INFO - Solicitando imagem SPOE2932294, Aguardando EasyDocs...
2020-11-27T14:05:55 - INFO - Solicitando imagem SPOE2932304, Aguardando EasyDocs...
2020-11-27T14:05:55 - INFO - Solicitando imagem SPOE2932304, Aguardando EasyDocs...
2020-11-27T14:05:55 - INFO - Solicitando imagem SPOE2932295, Aguardando EasyDocs...
2020-11-27T14:05:55 - INFO - Solicitando imagem SPOE2934213, Aguardando EasyDocs...
2020-11-27T14:05:55 - INFO - Solicitando imagem SPOE2937186, Aguardando EasyDocs...
2020-11-27T14:05:55 - INFO - Solicitando imagem SPOE2937128, Aguardando EasyDocs...
2020-11-27T14:05:55 - INFO - Solicitando imagem SPOE2937184, Aguardando EasyDocs...
2020-11-27T14:05:55 - INFO - Solicitando imagem SPOE2938477, Aguardando EasyDocs...
2020-11-27T14:05:55 - INFO - Solicitando imagem SPOE2940312, Aguardando EasyDocs...
2020-11-27T14:05:55 - INFO - Solicitando imagem SPOE2940310, Aguardando EasyDocs...
2020-11-27T14:05:55 - INFO - Solicitando imagem SPOE2940292, Aguardando EasyDocs...
2020-11-27T14:05:55 - INFO - Solicitando imagem SPOE2940308, Aguardando EasyDocs...
2020-11-27T14:05:55 - INFO - Solicitando imagem SPOE2940309, Aguardando EasyDocs...
2020-11-27T14:05:55 - INFO - Solicitando imagem SPOE2940292, Aguardando EasyDocs...
2020-11-27T14:05:55 - INFO - Solicitando imagem SPOE2947082, Aguardando EasyDocs...
2020-11-27T14:05:55 - INFO - Solicitando imagem SPOE2948460, Aguardando EasyDocs...
2020-11-27T14:05:55 - INFO - Solicitando imagem SPOE2948458, Aguardando EasyDocs...
2020-11-27T14:05:55 - INFO - Solicitando imagem SPOE2948459, Aguardando EasyDocs...
2020-11-27T14:05:55 - INFO - Solicitando imagem SPOE2948457, Aguardando EasyDocs...
2020-11-27T14:05:55 - INFO - Solicitando imagem SPOE2954269, Aguardando EasyDocs...
2020-11-27T14:05:55 - INFO - Solicitando imagem SPOE2954269, Aguardando EasyDocs...
2020-11-27T14:05:55 - INFO - Solicitando imagem SPOE2954269, Aguardando EasyDocs...
2020-11-27T14:05:55 - INFO - Solicitando imagem SPOE2960721, Aguardando EasyDocs...
2020-11-27T14:05:55 - INFO - Solicitando imagem SPOE2960721, Aguardando EasyDocs...
2020-11-27T14:05:55 - INFO - Solicitando imagem SPOE2960721, Aguardando EasyDocs...
2020-11-27T14:05:55 - INFO - Solicitando imagem SPOE2960722, Aguardando EasyDocs...
2020-11-27T14:05:55 - INFO - Solicitando imagem SPOE2960722, Aguardando EasyDocs...
2020-11-27T14:05:55 - INFO - Solicitando imagem SPOE2960722, Aguardando EasyDocs...
2020-11-27T14:05:55 - INFO - Solicitando imagem SPOE2962299, Aguardando EasyDocs...
2020-11-27T14:05:55 - INFO - Solicitando imagem SPOE2962305, Aguardando EasyDocs...
2020-11-27T14:05:55 - INFO - Solicitando imagem SPOE2962307, Aguardando EasyDocs...
2020-11-27T14:05:55 - INFO - Solicitando imagem SPOE2967038, Aguardando EasyDocs...
2020-11-27T14:05:55 - INFO - Solicitando imagem SPOE2967038, Aguardando EasyDocs...
2020-11-27T14:05:55 - INFO - Solicitando imagem SPOE2967038, Aguardando EasyDocs...
2020-11-27T14:05:55 - INFO - Solicitando imagem SPOE2967038, Aguardando EasyDocs...
2020-11-27T14:05:55 - INFO - Solicitando imagem SPOE2967038, Aguardando EasyDocs...
2020-11-27T14:05:55 - INFO - Solicitando imagem SPOE2967038, Aguardando EasyDocs...
2020-11-27T14:05:55 - INFO - Solicitando imagem SPOE2967039, Aguardando EasyDocs...
2020-11-27T14:05:55 - INFO - Solicitando imagem SPOE2967039, Aguardando EasyDocs...
2020-11-27T14:05:55 - INFO - Solicitando imagem SPOE2967039, Aguardando EasyDocs...
2020-11-27T14:05:55 - INFO - Solicitando imagem SPOE2969522, Aguardando EasyDocs...
2020-11-27T14:05:55 - INFO - Solicitando imagem SPOE2969522, Aguardando EasyDocs...
2020-11-27T14:05:55 - INFO - Solicitando imagem SPOE2980638, Aguardando EasyDocs...
2020-11-27T14:05:55 - INFO - Solicitando imagem SPOE2980637, Aguardando EasyDocs...
2020-11-27T14:05:55 - INFO - Solicitando imagem SPOE2987994, Aguardando EasyDocs...
2020-11-27T14:05:55 - INFO - Solicitando imagem SPOE2987993, Aguardando EasyDocs...
2020-11-27T14:05:55 - INFO - Solicitando imagem SPOE2987994, Aguardando EasyDocs...
2020-11-27T14:05:55 - INFO - Solicitando imagem SPOE2991409, Aguardando EasyDocs...
2020-11-27T14:05:56 - WARNING - EasyDocs DOC:SPOE2892194 - (Não achou a imagem solicitada)
2020-11-27T14:05:56 - WARNING - EasyDocs DOC:SPOE2922798 - (Não achou a imagem solicitada)
2020-11-27T14:05:56 - WARNING - EasyDocs DOC:SPOE2895626 - (Não achou a imagem solicitada)
2020-11-27T14:05:57 - WARNING - EasyDocs DOC:SPOE2920210 - (Não achou a imagem solicitada)
2020-11-27T14:05:57 - WARNING - EasyDocs DOC:SPOE2922106 - (Não achou a imagem solicitada)
2020-11-27T14:05:57 - WARNING - EasyDocs DOC:SPOE2879354 - (Não achou a imagem solicitada)
2020-11-27T14:05:57 - WARNING - EasyDocs DOC:SPOE2920209 - (Não achou a imagem solicitada)
2020-11-27T14:05:58 - WARNING - EasyDocs DOC:SPOE2922105 - (Não achou a imagem solicitada)
2020-11-27T14:05:58 - WARNING - EasyDocs DOC:SPOE2922799 - (Não achou a imagem solicitada)
2020-11-27T14:05:58 - WARNING - EasyDocs DOC:SPOE2940312 - (Não achou a imagem solicitada)
2020-11-27T14:05:59 - WARNING - EasyDocs DOC:SPOE2940310 - (Não achou a imagem solicitada)
2020-11-27T14:05:59 - WARNING - EasyDocs DOC:SPOE2948458 - (Não achou a imagem solicitada)
2020-11-27T14:05:59 - WARNING - EasyDocs DOC:SPOE2938477 - (Não achou a imagem solicitada)
2020-11-27T14:05:59 - WARNING - EasyDocs DOC:SPOE2922788 - (Não achou a imagem solicitada)
2020-11-27T14:06:00 - WARNING - EasyDocs DOC:SPOE2932304 - (Não achou a imagem solicitada)
2020-11-27T14:06:00 - WARNING - EasyDocs DOC:SPOE2960721 - (Não achou a imagem solicitada)
2020-11-27T14:06:00 - WARNING - EasyDocs DOC:SPOE2932292 - (Não achou a imagem solicitada)
2020-11-27T14:06:00 - WARNING - EasyDocs DOC:SPOE2884984 - (Não achou a imagem solicitada)
2020-11-27T14:06:00 - WARNING - EasyDocs DOC:SPOE2922798 - (Não achou a imagem solicitada)
2020-11-27T14:06:00 - WARNING - EasyDocs DOC:SPOE2940292 - (Não achou a imagem solicitada)
2020-11-27T14:06:01 - WARNING - EasyDocs DOC:SPOE2922798 - (Não achou a imagem solicitada)
2020-11-27T14:06:01 - WARNING - EasyDocs DOC:SPOE2926922 - (Não achou a imagem solicitada)
2020-11-27T14:06:02 - WARNING - EasyDocs DOC:SPOE2932293 - (Não achou a imagem solicitada)
2020-11-27T14:06:02 - WARNING - EasyDocs DOC:SPOE2932295 - (Não achou a imagem solicitada)
2020-11-27T14:06:02 - WARNING - EasyDocs DOC:SPOE2884983 - (Não achou a imagem solicitada)
2020-11-27T14:06:02 - WARNING - EasyDocs DOC:SPOE2937184 - (Não achou a imagem solicitada)
2020-11-27T14:06:03 - WARNING - EasyDocs DOC:SPOE2892196 - (Não achou a imagem solicitada)
2020-11-27T14:06:03 - WARNING - EasyDocs DOC:SPOE2960721 - (Não achou a imagem solicitada)
2020-11-27T14:06:04 - WARNING - EasyDocs DOC:SPOE2934213 - (Não achou a imagem solicitada)
2020-11-27T14:06:04 - WARNING - EasyDocs DOC:SPOE2932304 - (Não achou a imagem solicitada)
2020-11-27T14:06:04 - WARNING - EasyDocs DOC:SPOE2962307 - (Não achou a imagem solicitada)
2020-11-27T14:06:04 - WARNING - EasyDocs DOC:SPOE2948459 - (Não achou a imagem solicitada)
2020-11-27T14:06:05 - WARNING - EasyDocs DOC:SPOE2967038 - (Não achou a imagem solicitada)
2020-11-27T14:06:05 - WARNING - EasyDocs DOC:SPOE2960722 - (Não achou a imagem solicitada)
2020-11-27T14:06:05 - WARNING - EasyDocs DOC:SPOE2962299 - (Não achou a imagem solicitada)
2020-11-27T14:06:05 - WARNING - EasyDocs DOC:SPOE2932294 - (Não achou a imagem solicitada)
2020-11-27T14:06:06 - WARNING - EasyDocs DOC:SPOE2960722 - (Não achou a imagem solicitada)
2020-11-27T14:06:07 - WARNING - EasyDocs DOC:SPOE2940292 - (Não achou a imagem solicitada)
2020-11-27T14:06:07 - WARNING - EasyDocs DOC:SPOE2960722 - (Não achou a imagem solicitada)
2020-11-27T14:06:07 - WARNING - EasyDocs DOC:SPOE2954269 - (Não achou a imagem solicitada)
2020-11-27T14:06:08 - WARNING - EasyDocs DOC:SPOE2948460 - (Não achou a imagem solicitada)
2020-11-27T14:06:08 - WARNING - EasyDocs DOC:SPOE2954269 - (Não achou a imagem solicitada)
2020-11-27T14:06:08 - WARNING - EasyDocs DOC:SPOE2967038 - (Não achou a imagem solicitada)
2020-11-27T14:06:08 - WARNING - EasyDocs DOC:SPOE2967038 - (Não achou a imagem solicitada)
2020-11-27T14:06:09 - WARNING - EasyDocs DOC:SPOE2967038 - (Não achou a imagem solicitada)
2020-11-27T14:06:09 - WARNING - EasyDocs DOC:SPOE2948457 - (Não achou a imagem solicitada)
2020-11-27T14:06:09 - WARNING - EasyDocs DOC:SPOE2947082 - (Não achou a imagem solicitada)
2020-11-27T14:06:09 - WARNING - EasyDocs DOC:SPOE2937128 - (Não achou a imagem solicitada)
2020-11-27T14:06:09 - WARNING - EasyDocs DOC:SPOE2969522 - (Não achou a imagem solicitada)
2020-11-27T14:06:10 - WARNING - EasyDocs DOC:SPOE2960721 - (Não achou a imagem solicitada)
2020-11-27T14:06:10 - WARNING - EasyDocs DOC:SPOE2987994 - (Não achou a imagem solicitada)
2020-11-27T14:06:10 - WARNING - EasyDocs DOC:SPOE2962305 - (Não achou a imagem solicitada)
2020-11-27T14:06:10 - WARNING - EasyDocs DOC:SPOE2967039 - (Não achou a imagem solicitada)
2020-11-27T14:06:10 - WARNING - EasyDocs DOC:SPOE2967039 - (Não achou a imagem solicitada)
2020-11-27T14:06:10 - WARNING - EasyDocs DOC:SPOE2980638 - (Não achou a imagem solicitada)
2020-11-27T14:06:10 - WARNING - EasyDocs DOC:SPOE2954269 - (Não achou a imagem solicitada)
2020-11-27T14:06:11 - WARNING - EasyDocs DOC:SPOE2967038 - (Não achou a imagem solicitada)
2020-11-27T14:06:11 - WARNING - EasyDocs DOC:SPOE2940309 - (Não achou a imagem solicitada)
2020-11-27T14:06:11 - WARNING - EasyDocs DOC:SPOE2967038 - (Não achou a imagem solicitada)
2020-11-27T14:06:12 - WARNING - EasyDocs DOC:SPOE2937186 - (Não achou a imagem solicitada)
2020-11-27T14:06:12 - WARNING - EasyDocs DOC:SPOE2987994 - (Não achou a imagem solicitada)
2020-11-27T14:06:12 - WARNING - EasyDocs DOC:SPOE2969522 - (Não achou a imagem solicitada)
2020-11-27T14:06:12 - WARNING - EasyDocs DOC:SPOE2940308 - (Não achou a imagem solicitada)
2020-11-27T14:06:12 - WARNING - EasyDocs DOC:SPOE2967039 - (Não achou a imagem solicitada)
2020-11-27T14:06:12 - WARNING - EasyDocs DOC:SPOE2991409 - (Não achou a imagem solicitada)
2020-11-27T14:06:13 - WARNING - EasyDocs DOC:SPOE2980637 - (Não achou a imagem solicitada)
2020-11-27T14:06:13 - WARNING - EasyDocs DOC:SPOE2987993 - (Não achou a imagem solicitada)
2020-11-27T14:06:13 - AVISO - Solicitado comprovantes na Easydocs - (67)
