2020-12-04T17:34:51 - MSG - Startup serviço
2020-12-04T17:34:51 - INFO - CHECK TIME REF.: 10 Seg., CHECK DOCS IMAGEM: 30 Min.
2020-12-04T17:34:51 - AVISO - Setup cliente 62136304
2020-12-04T17:34:54 - INFO - Sucesso - Logado na API (true,3907,Developer)
2020-12-04T17:34:58 - SUCESSO - Envio TRACKING: 35200962136304001100550030006778371139131140 - Ret API: undefined - ID:10 - API Carga: 6337781
2020-12-04T17:34:59 - SUCESSO - Envio TRACKING: 35200962136304001100550030006778541214730655 - Ret API: undefined - ID:11 - API Carga: 6337792
2020-12-04T17:34:59 - SUCESSO - Envio TRACKING: 35200962136304001100550030006785081059057986 - Ret API: undefined - ID:178 - API Carga: 6338121
2020-12-04T17:34:59 - SUCESSO - Envio TRACKING: 35200962136304001100550030006777881645890719 - Ret API: undefined - ID:8 - API Carga: 6337763
2020-12-04T17:34:59 - SUCESSO - Envio TRACKING: 35200962136304001100550030006778361733208447 - Ret API: undefined - ID:9 - API Carga: 6337780
2020-12-04T17:34:59 - SUCESSO - Envio TRACKING: 35200962136304001100550030006785081059057986 - Ret API: undefined - ID:249 - API Carga: 6338121
2020-12-04T17:34:59 - SUCESSO - Envio TRACKING: 35200962136304001100550030006785081059057986 - Ret API: undefined - ID:248 - API Carga: 6338121
2020-12-04T17:34:59 - SUCESSO - Envio TRACKING: 35200962136304001100550030006785081059057986 - Ret API: undefined - ID:179 - API Carga: 6338121
2020-12-04T17:34:59 - SUCESSO - Envio TRACKING: 35200962136304001100550030006785081059057986 - Ret API: undefined - ID:12 - API Carga: 6338121
2020-12-04T17:34:59 - SUCESSO - Envio TRACKING: 35200962136304001100550030006785081059057986 - Ret API: undefined - ID:177 - API Carga: 6338121
2020-12-04T17:34:59 - AVISO - Ocorrencias de tracking para enviar - (10)
2020-12-04T17:35:54 - INFO - Solicitando imagem RECE347216, Aguardando EasyDocs...
2020-12-04T17:35:54 - INFO - Solicitando imagem RECE347311, Aguardando EasyDocs...
2020-12-04T17:35:54 - INFO - Solicitando imagem RECE347523, Aguardando EasyDocs...
2020-12-04T17:35:54 - INFO - Solicitando imagem RECE347538, Aguardando EasyDocs...
2020-12-04T17:35:54 - INFO - Solicitando imagem RECE348504, Aguardando EasyDocs...
2020-12-04T17:35:54 - INFO - Solicitando imagem RECE352552, Aguardando EasyDocs...
2020-12-04T17:35:54 - INFO - Solicitando imagem SPOE3010957, Aguardando EasyDocs...
2020-12-04T17:35:54 - INFO - Solicitando imagem RECE354518, Aguardando EasyDocs...
2020-12-04T17:35:54 - INFO - Solicitando imagem SPOE3010958, Aguardando EasyDocs...
2020-12-04T17:35:54 - INFO - Solicitando imagem SPOE3010958, Aguardando EasyDocs...
2020-12-04T17:35:54 - INFO - Solicitando imagem SPOE3010958, Aguardando EasyDocs...
2020-12-04T17:35:54 - INFO - Solicitando imagem SPOE2962299, Aguardando EasyDocs...
2020-12-04T17:35:54 - INFO - Solicitando imagem SPOE2962307, Aguardando EasyDocs...
2020-12-04T17:35:54 - INFO - Solicitando imagem SPOE2967038, Aguardando EasyDocs...
2020-12-04T17:35:54 - INFO - Solicitando imagem SPOE2967038, Aguardando EasyDocs...
2020-12-04T17:35:54 - INFO - Solicitando imagem SPOE2967038, Aguardando EasyDocs...
2020-12-04T17:35:54 - INFO - Solicitando imagem SPOE2967038, Aguardando EasyDocs...
2020-12-04T17:35:54 - INFO - Solicitando imagem SPOE2967038, Aguardando EasyDocs...
2020-12-04T17:35:54 - INFO - Solicitando imagem SPOE2967038, Aguardando EasyDocs...
2020-12-04T17:35:54 - INFO - Solicitando imagem SPOE2967039, Aguardando EasyDocs...
2020-12-04T17:35:54 - INFO - Solicitando imagem SPOE2967039, Aguardando EasyDocs...
2020-12-04T17:35:54 - INFO - Solicitando imagem SPOE2967039, Aguardando EasyDocs...
2020-12-04T17:35:54 - INFO - Solicitando imagem SPOE2969522, Aguardando EasyDocs...
2020-12-04T17:35:54 - INFO - Solicitando imagem SPOE2969522, Aguardando EasyDocs...
2020-12-04T17:35:54 - INFO - Solicitando imagem SPOE2980638, Aguardando EasyDocs...
2020-12-04T17:35:54 - INFO - Solicitando imagem SPOE2980637, Aguardando EasyDocs...
2020-12-04T17:35:54 - INFO - Solicitando imagem SPOE2987994, Aguardando EasyDocs...
2020-12-04T17:35:54 - INFO - Solicitando imagem SPOE2987993, Aguardando EasyDocs...
2020-12-04T17:35:54 - INFO - Solicitando imagem SPOE2987994, Aguardando EasyDocs...
2020-12-04T17:35:54 - INFO - Solicitando imagem SPOE2991409, Aguardando EasyDocs...
2020-12-04T17:35:54 - INFO - Solicitando imagem SPOE2996015, Aguardando EasyDocs...
2020-12-04T17:35:54 - INFO - Solicitando imagem SPOE2996014, Aguardando EasyDocs...
2020-12-04T17:35:54 - INFO - Solicitando imagem SPOE3005523, Aguardando EasyDocs...
2020-12-04T17:35:54 - INFO - Solicitando imagem SPOE3005524, Aguardando EasyDocs...
2020-12-04T17:35:54 - INFO - Solicitando imagem SPOE3005518, Aguardando EasyDocs...
2020-12-04T17:35:54 - INFO - Solicitando imagem SPOE3010386, Aguardando EasyDocs...
2020-12-04T17:35:54 - INFO - Solicitando imagem SPOE3010382, Aguardando EasyDocs...
2020-12-04T17:35:54 - INFO - Solicitando imagem SPOE3013891, Aguardando EasyDocs...
2020-12-04T17:35:54 - INFO - Solicitando imagem SPOE3014473, Aguardando EasyDocs...
2020-12-04T17:35:54 - INFO - Solicitando imagem SPOE3015255, Aguardando EasyDocs...
2020-12-04T17:35:54 - INFO - Solicitando imagem SPOE3017985, Aguardando EasyDocs...
2020-12-04T17:35:54 - INFO - Solicitando imagem SPOE3017985, Aguardando EasyDocs...
2020-12-04T17:35:54 - INFO - Solicitando imagem SPOE3019549, Aguardando EasyDocs...
2020-12-04T17:35:54 - INFO - Solicitando imagem SPOE3019544, Aguardando EasyDocs...
2020-12-04T17:35:54 - INFO - Solicitando imagem SPOE3022376, Aguardando EasyDocs...
2020-12-04T17:35:54 - INFO - Solicitando imagem SPOE3022373, Aguardando EasyDocs...
2020-12-04T17:35:54 - INFO - Solicitando imagem SPOE3025282, Aguardando EasyDocs...
2020-12-04T17:35:54 - INFO - Solicitando imagem SPOE3025265, Aguardando EasyDocs...
2020-12-04T17:35:54 - INFO - Solicitando imagem SPOE3024460, Aguardando EasyDocs...
2020-12-04T17:35:54 - INFO - Solicitando imagem SPOE3024460, Aguardando EasyDocs...
2020-12-04T17:35:54 - INFO - Solicitando imagem SPOE3025615, Aguardando EasyDocs...
2020-12-04T17:35:54 - INFO - Solicitando imagem SPOE3025617, Aguardando EasyDocs...
2020-12-04T17:35:54 - INFO - Solicitando imagem SPOE3025616, Aguardando EasyDocs...
2020-12-04T17:35:54 - INFO - Solicitando imagem SPOE3025618, Aguardando EasyDocs...
2020-12-04T17:35:54 - INFO - Solicitando imagem SPOE3024459, Aguardando EasyDocs...
2020-12-04T17:35:54 - INFO - Solicitando imagem SPOE3025619, Aguardando EasyDocs...
2020-12-04T17:35:57 - INFO - Solicitando imagem SPOE2962307, Aguardando AgileProcess...
2020-12-04T17:35:58 - WARNING - (EasyDocs,AgileProcess) DOC:SPOE2962307 - (Não achou a imagem solicitada)
2020-12-04T17:35:58 - INFO - Solicitando imagem SPOE2967038, Aguardando AgileProcess...
2020-12-04T17:35:58 - WARNING - (EasyDocs,AgileProcess) DOC:SPOE2967038 - (Não achou a imagem solicitada)
2020-12-04T17:35:58 - INFO - Solicitando imagem SPOE3010958, Aguardando AgileProcess...
2020-12-04T17:35:59 - SUCESSO - Imagem EasyDocs RECE352552 : Imagem recebida.
2020-12-04T17:35:59 - WARNING - (EasyDocs,AgileProcess) DOC:SPOE3010958 - (Não achou a imagem solicitada)
2020-12-04T17:35:59 - SUCESSO - Imagem EasyDocs RECE347216 : Imagem recebida.
2020-12-04T17:35:59 - INFO - Solicitando imagem SPOE2962299, Aguardando AgileProcess...
2020-12-04T17:35:59 - WARNING - (EasyDocs,AgileProcess) DOC:SPOE2962299 - (Não achou a imagem solicitada)
2020-12-04T17:35:59 - INFO - Solicitando imagem SPOE2967038, Aguardando AgileProcess...
2020-12-04T17:35:59 - INFO - Solicitando imagem SPOE2969522, Aguardando AgileProcess...
2020-12-04T17:35:59 - WARNING - (EasyDocs,AgileProcess) DOC:SPOE2967038 - (Não achou a imagem solicitada)
2020-12-04T17:35:59 - SUCESSO - Imagem EasyDocs RECE347523 : Imagem recebida.
2020-12-04T17:36:00 - WARNING - (EasyDocs,AgileProcess) DOC:SPOE2969522 - (Não achou a imagem solicitada)
2020-12-04T17:36:00 - INFO - Solicitando imagem SPOE3017985, Aguardando AgileProcess...
2020-12-04T17:36:00 - SUCESSO - Imagem EasyDocs RECE347311 : Imagem recebida.
2020-12-04T17:36:00 - INFO - Solicitando imagem SPOE3010382, Aguardando AgileProcess...
2020-12-04T17:36:00 - WARNING - (EasyDocs,AgileProcess) DOC:SPOE3017985 - (Não achou a imagem solicitada)
2020-12-04T17:36:00 - INFO - Solicitando imagem SPOE3010957, Aguardando AgileProcess...
2020-12-04T17:36:00 - WARNING - (EasyDocs,AgileProcess) DOC:SPOE3010957 - (Não achou a imagem solicitada)
2020-12-04T17:36:00 - INFO - Solicitando imagem SPOE2967039, Aguardando AgileProcess...
2020-12-04T17:36:01 - SUCESSO - Imagem EasyDocs RECE354518 : Imagem recebida.
2020-12-04T17:36:01 - WARNING - (EasyDocs,AgileProcess) DOC:SPOE2967039 - (Não achou a imagem solicitada)
2020-12-04T17:36:01 - INFO - Solicitando imagem SPOE3005518, Aguardando AgileProcess...
2020-12-04T17:36:01 - SUCESSO - Imagem AgileProcess SPOE3010382 : Imagem recebida.
2020-12-04T17:36:01 - INFO - Solicitando imagem SPOE3024460, Aguardando AgileProcess...
2020-12-04T17:36:01 - SUCESSO - Imagem EasyDocs RECE348504 : Imagem recebida.
2020-12-04T17:36:01 - ERRO - Imagem AgileProcess SPOE3005518 : {} - checkImagemAgileProcess
2020-12-04T17:36:01 - WARNING - (EasyDocs,AgileProcess) DOC:SPOE3005518 - (Não achou a imagem solicitada)
2020-12-04T17:36:02 - INFO - Solicitando imagem SPOE2996015, Aguardando AgileProcess...
2020-12-04T17:36:02 - INFO - Solicitando imagem SPOE2987994, Aguardando AgileProcess...
2020-12-04T17:36:02 - INFO - Solicitando imagem SPOE2967038, Aguardando AgileProcess...
2020-12-04T17:36:02 - SUCESSO - Imagem AgileProcess SPOE2996015 : Imagem recebida.
2020-12-04T17:36:02 - WARNING - (EasyDocs,AgileProcess) DOC:SPOE2987994 - (Não achou a imagem solicitada)
2020-12-04T17:36:02 - WARNING - (EasyDocs,AgileProcess) DOC:SPOE2967038 - (Não achou a imagem solicitada)
2020-12-04T17:36:02 - INFO - Solicitando imagem SPOE2969522, Aguardando AgileProcess...
2020-12-04T17:36:02 - SUCESSO - Imagem AgileProcess SPOE3024460 : Imagem recebida.
2020-12-04T17:36:02 - INFO - Solicitando imagem SPOE2996014, Aguardando AgileProcess...
2020-12-04T17:36:02 - WARNING - (EasyDocs,AgileProcess) DOC:SPOE2969522 - (Não achou a imagem solicitada)
2020-12-04T17:36:03 - INFO - Solicitando imagem SPOE3013891, Aguardando AgileProcess...
2020-12-04T17:36:03 - INFO - Solicitando imagem SPOE3024459, Aguardando AgileProcess...
2020-12-04T17:36:03 - WARNING - (EasyDocs,AgileProcess) DOC:SPOE3024459 - (Não achou a imagem solicitada)
2020-12-04T17:36:03 - ERRO - Imagem AgileProcess SPOE3013891 : {} - checkImagemAgileProcess
2020-12-04T17:36:03 - WARNING - (EasyDocs,AgileProcess) DOC:SPOE3013891 - (Não achou a imagem solicitada)
2020-12-04T17:36:03 - INFO - Solicitando imagem SPOE3019549, Aguardando AgileProcess...
2020-12-04T17:36:03 - INFO - Solicitando imagem SPOE3017985, Aguardando AgileProcess...
2020-12-04T17:36:03 - WARNING - (EasyDocs,AgileProcess) DOC:SPOE3019549 - (Não achou a imagem solicitada)
2020-12-04T17:36:04 - WARNING - (EasyDocs,AgileProcess) DOC:SPOE3017985 - (Não achou a imagem solicitada)
2020-12-04T17:36:04 - SUCESSO - Imagem AgileProcess SPOE2996014 : Imagem recebida.
2020-12-04T17:36:04 - INFO - Solicitando imagem SPOE3014473, Aguardando AgileProcess...
2020-12-04T17:36:04 - INFO - Solicitando imagem SPOE3025615, Aguardando AgileProcess...
2020-12-04T17:36:04 - INFO - Solicitando imagem SPOE3025282, Aguardando AgileProcess...
2020-12-04T17:36:04 - WARNING - (EasyDocs,AgileProcess) DOC:SPOE3014473 - (Não achou a imagem solicitada)
2020-12-04T17:36:04 - INFO - Solicitando imagem SPOE3010958, Aguardando AgileProcess...
2020-12-04T17:36:04 - WARNING - (EasyDocs,AgileProcess) DOC:SPOE3010958 - (Não achou a imagem solicitada)
2020-12-04T17:36:05 - INFO - Solicitando imagem SPOE3022376, Aguardando AgileProcess...
2020-12-04T17:36:05 - INFO - Solicitando imagem SPOE2980637, Aguardando AgileProcess...
2020-12-04T17:36:05 - SUCESSO - Imagem AgileProcess SPOE3025615 : Imagem recebida.
2020-12-04T17:36:05 - WARNING - (EasyDocs,AgileProcess) DOC:SPOE2980637 - (Não achou a imagem solicitada)
2020-12-04T17:36:05 - INFO - Solicitando imagem SPOE3010386, Aguardando AgileProcess...
2020-12-04T17:36:05 - INFO - Solicitando imagem SPOE2967039, Aguardando AgileProcess...
2020-12-04T17:36:05 - SUCESSO - Imagem AgileProcess SPOE3025282 : Imagem recebida.
2020-12-04T17:36:05 - WARNING - (EasyDocs,AgileProcess) DOC:SPOE2967039 - (Não achou a imagem solicitada)
2020-12-04T17:36:06 - INFO - Solicitando imagem SPOE3005523, Aguardando AgileProcess...
2020-12-04T17:36:06 - INFO - Solicitando imagem SPOE3025616, Aguardando AgileProcess...
2020-12-04T17:36:06 - SUCESSO - Imagem AgileProcess SPOE3022376 : Imagem recebida.
2020-12-04T17:36:06 - SUCESSO - Imagem AgileProcess SPOE3010386 : Imagem recebida.
2020-12-04T17:36:06 - SUCESSO - Imagem AgileProcess SPOE3005523 : Imagem recebida.
2020-12-04T17:36:06 - WARNING - (EasyDocs,AgileProcess) DOC:SPOE3025616 - (Não achou a imagem solicitada)
2020-12-04T17:36:06 - INFO - Solicitando imagem SPOE3019544, Aguardando AgileProcess...
2020-12-04T17:36:06 - INFO - Solicitando imagem SPOE2987994, Aguardando AgileProcess...
2020-12-04T17:36:07 - WARNING - (EasyDocs,AgileProcess) DOC:SPOE2987994 - (Não achou a imagem solicitada)
2020-12-04T17:36:07 - INFO - Solicitando imagem SPOE3025617, Aguardando AgileProcess...
2020-12-04T17:36:07 - INFO - Solicitando imagem SPOE2980638, Aguardando AgileProcess...
2020-12-04T17:36:07 - WARNING - (EasyDocs,AgileProcess) DOC:SPOE2980638 - (Não achou a imagem solicitada)
2020-12-04T17:36:07 - INFO - Solicitando imagem SPOE2991409, Aguardando AgileProcess...
2020-12-04T17:36:07 - SUCESSO - Imagem AgileProcess SPOE3019544 : Imagem recebida.
2020-12-04T17:36:08 - INFO - Solicitando imagem SPOE3010958, Aguardando AgileProcess...
2020-12-04T17:36:08 - WARNING - (EasyDocs,AgileProcess) DOC:SPOE2991409 - (Não achou a imagem solicitada)
2020-12-04T17:36:08 - WARNING - (EasyDocs,AgileProcess) DOC:SPOE3010958 - (Não achou a imagem solicitada)
2020-12-04T17:36:08 - SUCESSO - Imagem AgileProcess SPOE3025617 : Imagem recebida.
2020-12-04T17:36:08 - INFO - Solicitando imagem SPOE2967038, Aguardando AgileProcess...
2020-12-04T17:36:08 - INFO - Solicitando imagem SPOE2967038, Aguardando AgileProcess...
2020-12-04T17:36:08 - WARNING - (EasyDocs,AgileProcess) DOC:SPOE2967038 - (Não achou a imagem solicitada)
2020-12-04T17:36:09 - INFO - Solicitando imagem SPOE2967039, Aguardando AgileProcess...
2020-12-04T17:36:09 - INFO - Solicitando imagem SPOE3024460, Aguardando AgileProcess...
2020-12-04T17:36:09 - WARNING - (EasyDocs,AgileProcess) DOC:SPOE2967038 - (Não achou a imagem solicitada)
2020-12-04T17:36:09 - WARNING - (EasyDocs,AgileProcess) DOC:SPOE2967039 - (Não achou a imagem solicitada)
2020-12-04T17:36:09 - INFO - Solicitando imagem SPOE3022373, Aguardando AgileProcess...
2020-12-04T17:36:10 - WARNING - (EasyDocs,AgileProcess) DOC:SPOE3022373 - (Não achou a imagem solicitada)
2020-12-04T17:36:10 - SUCESSO - Imagem AgileProcess SPOE3024460 : Imagem recebida.
2020-12-04T17:36:10 - INFO - Solicitando imagem SPOE3025265, Aguardando AgileProcess...
2020-12-04T17:36:10 - INFO - Solicitando imagem SPOE3015255, Aguardando AgileProcess...
2020-12-04T17:36:10 - INFO - Solicitando imagem SPOE3005524, Aguardando AgileProcess...
2020-12-04T17:36:10 - ERRO - Imagem AgileProcess SPOE3015255 : {} - checkImagemAgileProcess
2020-12-04T17:36:10 - WARNING - (EasyDocs,AgileProcess) DOC:SPOE3015255 - (Não achou a imagem solicitada)
2020-12-04T17:36:10 - INFO - Solicitando imagem SPOE3025618, Aguardando AgileProcess...
2020-12-04T17:36:11 - SUCESSO - Imagem AgileProcess SPOE3025265 : Imagem recebida.
2020-12-04T17:36:11 - INFO - Solicitando imagem SPOE3025619, Aguardando AgileProcess...
2020-12-04T17:36:11 - INFO - Solicitando imagem SPOE2967038, Aguardando AgileProcess...
2020-12-04T17:36:11 - INFO - Solicitando imagem SPOE2987993, Aguardando AgileProcess...
2020-12-04T17:36:11 - SUCESSO - Imagem AgileProcess SPOE3005524 : Imagem recebida.
2020-12-04T17:36:11 - WARNING - (EasyDocs,AgileProcess) DOC:SPOE2967038 - (Não achou a imagem solicitada)
2020-12-04T17:36:11 - WARNING - (EasyDocs,AgileProcess) DOC:SPOE2987993 - (Não achou a imagem solicitada)
2020-12-04T17:36:12 - SUCESSO - Imagem AgileProcess SPOE3025618 : Imagem recebida.
2020-12-04T17:36:12 - SUCESSO - Imagem AgileProcess SPOE3025619 : Imagem recebida.
2020-12-04T17:36:13 - SUCESSO - Imagem EasyDocs RECE347538 : Imagem recebida.
2020-12-04T17:40:15 - MSG - Startup serviço
2020-12-04T17:40:15 - INFO - CHECK TIME REF.: 10 Seg., CHECK DOCS IMAGEM: 30 Min.
2020-12-04T17:40:15 - AVISO - Setup cliente 62136304
2020-12-04T17:40:18 - INFO - Sucesso - Logado na API (true,3907,Developer)
2020-12-04T17:40:22 - SUCESSO - Envio TRACKING: 35200962136304001100550030006785231911360509 - Ret API: undefined - ID:13 - API Carga: 6338131
2020-12-04T17:40:23 - SUCESSO - Envio TRACKING: 35200962136304001100550030006785711257833471 - Ret API: undefined - ID:181 - API Carga: 6338136
2020-12-04T17:40:23 - SUCESSO - Envio TRACKING: 35200962136304001100550030006785231911360509 - Ret API: undefined - ID:79 - API Carga: 6338131
2020-12-04T17:40:23 - SUCESSO - Envio TRACKING: 35200962136304001100550030006785711257833471 - Ret API: undefined - ID:81 - API Carga: 6338136
2020-12-04T17:40:23 - SUCESSO - Envio TRACKING: 35200962136304001100550030006785231911360509 - Ret API: undefined - ID:78 - API Carga: 6338131
2020-12-04T17:40:23 - SUCESSO - Envio TRACKING: 35200962136304001100550030006785711257833471 - Ret API: undefined - ID:80 - API Carga: 6338136
2020-12-04T17:40:23 - SUCESSO - Envio TRACKING: 35200962136304001100550030006785711257833471 - Ret API: undefined - ID:14 - API Carga: 6338136
2020-12-04T17:40:23 - SUCESSO - Envio TRACKING: 35200962136304001100550030006785231911360509 - Ret API: undefined - ID:180 - API Carga: 6338131
2020-12-04T17:40:23 - SUCESSO - Envio TRACKING: 35200962136304001100550030006785231911360509 - Ret API: undefined - ID:77 - API Carga: 6338131
2020-12-04T17:40:23 - SUCESSO - Envio TRACKING: 35200962136304001100550030006785231911360509 - Ret API: undefined - ID:76 - API Carga: 6338131
2020-12-04T17:40:23 - AVISO - Ocorrencias de tracking para enviar - (10)
2020-12-04T17:41:18 - INFO - Solicitando imagem RECE347216, Aguardando EasyDocs...
2020-12-04T17:41:18 - INFO - Solicitando imagem RECE347311, Aguardando EasyDocs...
2020-12-04T17:41:18 - INFO - Solicitando imagem RECE347523, Aguardando EasyDocs...
2020-12-04T17:41:18 - INFO - Solicitando imagem RECE347538, Aguardando EasyDocs...
2020-12-04T17:41:18 - INFO - Solicitando imagem RECE348504, Aguardando EasyDocs...
2020-12-04T17:41:18 - INFO - Solicitando imagem RECE352552, Aguardando EasyDocs...
2020-12-04T17:41:18 - INFO - Solicitando imagem RECE354518, Aguardando EasyDocs...
2020-12-04T17:41:18 - INFO - Solicitando imagem SPOE3010957, Aguardando EasyDocs...
2020-12-04T17:41:18 - INFO - Solicitando imagem SPOE3010958, Aguardando EasyDocs...
2020-12-04T17:41:18 - INFO - Solicitando imagem SPOE3010958, Aguardando EasyDocs...
2020-12-04T17:41:18 - INFO - Solicitando imagem SPOE3010958, Aguardando EasyDocs...
2020-12-04T17:41:18 - INFO - Solicitando imagem SPOE2962299, Aguardando EasyDocs...
2020-12-04T17:41:18 - INFO - Solicitando imagem SPOE2962307, Aguardando EasyDocs...
2020-12-04T17:41:18 - INFO - Solicitando imagem SPOE2967038, Aguardando EasyDocs...
2020-12-04T17:41:18 - INFO - Solicitando imagem SPOE2967038, Aguardando EasyDocs...
2020-12-04T17:41:18 - INFO - Solicitando imagem SPOE2967038, Aguardando EasyDocs...
2020-12-04T17:41:18 - INFO - Solicitando imagem SPOE2967038, Aguardando EasyDocs...
2020-12-04T17:41:18 - INFO - Solicitando imagem SPOE2967038, Aguardando EasyDocs...
2020-12-04T17:41:18 - INFO - Solicitando imagem SPOE2967038, Aguardando EasyDocs...
2020-12-04T17:41:18 - INFO - Solicitando imagem SPOE2967039, Aguardando EasyDocs...
2020-12-04T17:41:18 - INFO - Solicitando imagem SPOE2967039, Aguardando EasyDocs...
2020-12-04T17:41:18 - INFO - Solicitando imagem SPOE2967039, Aguardando EasyDocs...
2020-12-04T17:41:18 - INFO - Solicitando imagem SPOE2969522, Aguardando EasyDocs...
2020-12-04T17:41:18 - INFO - Solicitando imagem SPOE2969522, Aguardando EasyDocs...
2020-12-04T17:41:18 - INFO - Solicitando imagem SPOE2980638, Aguardando EasyDocs...
2020-12-04T17:41:18 - INFO - Solicitando imagem SPOE2980637, Aguardando EasyDocs...
2020-12-04T17:41:18 - INFO - Solicitando imagem SPOE2987994, Aguardando EasyDocs...
2020-12-04T17:41:18 - INFO - Solicitando imagem SPOE2987993, Aguardando EasyDocs...
2020-12-04T17:41:18 - INFO - Solicitando imagem SPOE2987994, Aguardando EasyDocs...
2020-12-04T17:41:18 - INFO - Solicitando imagem SPOE2991409, Aguardando EasyDocs...
2020-12-04T17:41:18 - INFO - Solicitando imagem SPOE2996015, Aguardando EasyDocs...
2020-12-04T17:41:18 - INFO - Solicitando imagem SPOE2996014, Aguardando EasyDocs...
2020-12-04T17:41:18 - INFO - Solicitando imagem SPOE3005523, Aguardando EasyDocs...
2020-12-04T17:41:18 - INFO - Solicitando imagem SPOE3005524, Aguardando EasyDocs...
2020-12-04T17:41:18 - INFO - Solicitando imagem SPOE3005518, Aguardando EasyDocs...
2020-12-04T17:41:18 - INFO - Solicitando imagem SPOE3010386, Aguardando EasyDocs...
2020-12-04T17:41:18 - INFO - Solicitando imagem SPOE3010382, Aguardando EasyDocs...
2020-12-04T17:41:18 - INFO - Solicitando imagem SPOE3014473, Aguardando EasyDocs...
2020-12-04T17:41:18 - INFO - Solicitando imagem SPOE3013891, Aguardando EasyDocs...
2020-12-04T17:41:18 - INFO - Solicitando imagem SPOE3015255, Aguardando EasyDocs...
2020-12-04T17:41:18 - INFO - Solicitando imagem SPOE3017985, Aguardando EasyDocs...
2020-12-04T17:41:18 - INFO - Solicitando imagem SPOE3017985, Aguardando EasyDocs...
2020-12-04T17:41:18 - INFO - Solicitando imagem SPOE3019549, Aguardando EasyDocs...
2020-12-04T17:41:18 - INFO - Solicitando imagem SPOE3019544, Aguardando EasyDocs...
2020-12-04T17:41:18 - INFO - Solicitando imagem SPOE3022376, Aguardando EasyDocs...
2020-12-04T17:41:18 - INFO - Solicitando imagem SPOE3022373, Aguardando EasyDocs...
2020-12-04T17:41:18 - INFO - Solicitando imagem SPOE3025282, Aguardando EasyDocs...
2020-12-04T17:41:18 - INFO - Solicitando imagem SPOE3025265, Aguardando EasyDocs...
2020-12-04T17:41:18 - INFO - Solicitando imagem SPOE3024460, Aguardando EasyDocs...
2020-12-04T17:41:18 - INFO - Solicitando imagem SPOE3024460, Aguardando EasyDocs...
2020-12-04T17:41:18 - INFO - Solicitando imagem SPOE3025615, Aguardando EasyDocs...
2020-12-04T17:41:18 - INFO - Solicitando imagem SPOE3025617, Aguardando EasyDocs...
2020-12-04T17:41:18 - INFO - Solicitando imagem SPOE3025616, Aguardando EasyDocs...
2020-12-04T17:41:18 - INFO - Solicitando imagem SPOE3025618, Aguardando EasyDocs...
2020-12-04T17:41:18 - INFO - Solicitando imagem SPOE3024459, Aguardando EasyDocs...
2020-12-04T17:41:18 - INFO - Solicitando imagem SPOE3025619, Aguardando EasyDocs...
2020-12-04T17:41:19 - INFO - Solicitando imagem SPOE2967038, Aguardando AgileProcess...
2020-12-04T17:41:19 - INFO - Solicitando imagem SPOE3010957, Aguardando AgileProcess...
2020-12-04T17:41:19 - INFO - Solicitando imagem SPOE2962299, Aguardando AgileProcess...
2020-12-04T17:41:20 - WARNING - (EasyDocs,AgileProcess) DOC:SPOE3010957 - (Não achou a imagem solicitada)
2020-12-04T17:41:20 - WARNING - (EasyDocs,AgileProcess) DOC:SPOE2967038 - (Não achou a imagem solicitada)
2020-12-04T17:41:20 - WARNING - (EasyDocs,AgileProcess) DOC:SPOE2962299 - (Não achou a imagem solicitada)
2020-12-04T17:41:20 - INFO - Solicitando imagem SPOE2967039, Aguardando AgileProcess...
2020-12-04T17:41:21 - SUCESSO - Imagem EasyDocs RECE348504 : Imagem recebida.
2020-12-04T17:41:21 - INFO - Solicitando imagem SPOE3010958, Aguardando AgileProcess...
2020-12-04T17:41:21 - WARNING - (EasyDocs,AgileProcess) DOC:SPOE2967039 - (Não achou a imagem solicitada)
2020-12-04T17:41:21 - INFO - Solicitando imagem SPOE2980637, Aguardando AgileProcess...
2020-12-04T17:41:21 - WARNING - (EasyDocs,AgileProcess) DOC:SPOE3010958 - (Não achou a imagem solicitada)
2020-12-04T17:41:21 - INFO - Solicitando imagem SPOE2967038, Aguardando AgileProcess...
2020-12-04T17:41:21 - SUCESSO - Imagem EasyDocs RECE347216 : Imagem recebida.
2020-12-04T17:41:21 - INFO - Solicitando imagem SPOE2967038, Aguardando AgileProcess...
2020-12-04T17:41:21 - WARNING - (EasyDocs,AgileProcess) DOC:SPOE2980637 - (Não achou a imagem solicitada)
2020-12-04T17:41:21 - SUCESSO - Imagem EasyDocs RECE347523 : Imagem recebida.
2020-12-04T17:41:21 - WARNING - (EasyDocs,AgileProcess) DOC:SPOE2967038 - (Não achou a imagem solicitada)
2020-12-04T17:41:21 - SUCESSO - Imagem EasyDocs RECE347311 : Imagem recebida.
2020-12-04T17:41:21 - WARNING - (EasyDocs,AgileProcess) DOC:SPOE2967038 - (Não achou a imagem solicitada)
2020-12-04T17:41:21 - INFO - Solicitando imagem SPOE2967039, Aguardando AgileProcess...
2020-12-04T17:41:21 - INFO - Solicitando imagem SPOE2980638, Aguardando AgileProcess...
2020-12-04T17:41:22 - SUCESSO - Imagem EasyDocs RECE347538 : Imagem recebida.
2020-12-04T17:41:22 - WARNING - (EasyDocs,AgileProcess) DOC:SPOE2967039 - (Não achou a imagem solicitada)
2020-12-04T17:41:22 - WARNING - (EasyDocs,AgileProcess) DOC:SPOE2980638 - (Não achou a imagem solicitada)
2020-12-04T17:41:22 - INFO - Solicitando imagem SPOE2962307, Aguardando AgileProcess...
2020-12-04T17:41:22 - INFO - Solicitando imagem SPOE2987993, Aguardando AgileProcess...
2020-12-04T17:41:22 - WARNING - (EasyDocs,AgileProcess) DOC:SPOE2962307 - (Não achou a imagem solicitada)
2020-12-04T17:41:22 - WARNING - (EasyDocs,AgileProcess) DOC:SPOE2987993 - (Não achou a imagem solicitada)
2020-12-04T17:41:22 - INFO - Solicitando imagem SPOE2967039, Aguardando AgileProcess...
2020-12-04T17:41:22 - WARNING - (EasyDocs,AgileProcess) DOC:SPOE2967039 - (Não achou a imagem solicitada)
2020-12-04T17:41:22 - INFO - Solicitando imagem SPOE2987994, Aguardando AgileProcess...
2020-12-04T17:41:23 - WARNING - (EasyDocs,AgileProcess) DOC:SPOE2987994 - (Não achou a imagem solicitada)
2020-12-04T17:41:23 - INFO - Solicitando imagem SPOE2987994, Aguardando AgileProcess...
2020-12-04T17:41:23 - WARNING - (EasyDocs,AgileProcess) DOC:SPOE2987994 - (Não achou a imagem solicitada)
2020-12-04T17:41:23 - WARNING - Envio IMAGEM - DANFE: 26201062136304001967550030000879681274984822 - API Carga: 0 - Message: Carga inexistente ou sem permissão para acesso - Success: false
2020-12-04T17:41:23 - INFO - Solicitando imagem SPOE3010958, Aguardando AgileProcess...
2020-12-04T17:41:23 - WARNING - (EasyDocs,AgileProcess) DOC:SPOE3010958 - (Não achou a imagem solicitada)
2020-12-04T17:41:24 - INFO - Solicitando imagem SPOE2996014, Aguardando AgileProcess...
2020-12-04T17:41:24 - INFO - Solicitando imagem SPOE3010386, Aguardando AgileProcess...
2020-12-04T17:41:24 - INFO - Solicitando imagem SPOE2991409, Aguardando AgileProcess...
2020-12-04T17:41:24 - WARNING - (EasyDocs,AgileProcess) DOC:SPOE2991409 - (Não achou a imagem solicitada)
2020-12-04T17:41:24 - INFO - Solicitando imagem SPOE3010382, Aguardando AgileProcess...
2020-12-04T17:41:24 - INFO - Solicitando imagem SPOE3017985, Aguardando AgileProcess...
2020-12-04T17:41:24 - INFO - Solicitando imagem SPOE3017985, Aguardando AgileProcess...
2020-12-04T17:41:24 - WARNING - Envio IMAGEM - DANFE: 26201062136304001967550030000879151733208440 - API Carga: 0 - Message: Carga inexistente ou sem permissão para acesso - Success: false
2020-12-04T17:41:24 - INFO - Solicitando imagem SPOE3024459, Aguardando AgileProcess...
2020-12-04T17:41:25 - WARNING - (EasyDocs,AgileProcess) DOC:SPOE3017985 - (Não achou a imagem solicitada)
2020-12-04T17:41:25 - SUCESSO - Imagem AgileProcess SPOE3010386 : Imagem recebida.
2020-12-04T17:41:25 - WARNING - Envio IMAGEM - DANFE: 26201062136304001967550030000879351255078462 - API Carga: 0 - Message: Carga inexistente ou sem permissão para acesso - Success: false
2020-12-04T17:41:25 - WARNING - (EasyDocs,AgileProcess) DOC:SPOE3017985 - (Não achou a imagem solicitada)
2020-12-04T17:41:25 - SUCESSO - Imagem EasyDocs RECE354518 : Imagem recebida.
2020-12-04T17:41:25 - INFO - Solicitando imagem SPOE2967038, Aguardando AgileProcess...
2020-12-04T17:41:25 - WARNING - (EasyDocs,AgileProcess) DOC:SPOE3024459 - (Não achou a imagem solicitada)
2020-12-04T17:41:25 - INFO - Solicitando imagem SPOE2969522, Aguardando AgileProcess...
2020-12-04T17:41:25 - INFO - Solicitando imagem SPOE3010958, Aguardando AgileProcess...
2020-12-04T17:41:25 - SUCESSO - Imagem AgileProcess SPOE2996014 : Imagem recebida.
2020-12-04T17:41:25 - INFO - Solicitando imagem SPOE3005523, Aguardando AgileProcess...
2020-12-04T17:41:25 - WARNING - (EasyDocs,AgileProcess) DOC:SPOE2967038 - (Não achou a imagem solicitada)
2020-12-04T17:41:25 - WARNING - Envio IMAGEM - DANFE: 26201062136304001967550030000879371722179760 - API Carga: 0 - Message: Carga inexistente ou sem permissão para acesso - Success: false
2020-12-04T17:41:25 - WARNING - (EasyDocs,AgileProcess) DOC:SPOE2969522 - (Não achou a imagem solicitada)
2020-12-04T17:41:25 - SUCESSO - Imagem AgileProcess SPOE3010382 : Imagem recebida.
2020-12-04T17:41:25 - WARNING - (EasyDocs,AgileProcess) DOC:SPOE3010958 - (Não achou a imagem solicitada)
2020-12-04T17:41:25 - INFO - Solicitando imagem SPOE2996015, Aguardando AgileProcess...
2020-12-04T17:41:25 - SUCESSO - Imagem AgileProcess SPOE3005523 : Imagem recebida.
2020-12-04T17:41:25 - WARNING - Envio IMAGEM - DANFE: 26201062136304001967550030000879241942528854 - API Carga: 0 - Message: Carga inexistente ou sem permissão para acesso - Success: false
2020-12-04T17:41:25 - INFO - Solicitando imagem SPOE3005524, Aguardando AgileProcess...
2020-12-04T17:41:25 - INFO - Solicitando imagem SPOE2967038, Aguardando AgileProcess...
2020-12-04T17:41:26 - INFO - Solicitando imagem SPOE3022376, Aguardando AgileProcess...
2020-12-04T17:41:26 - SUCESSO - Imagem AgileProcess SPOE2996015 : Imagem recebida.
2020-12-04T17:41:26 - WARNING - (EasyDocs,AgileProcess) DOC:SPOE2967038 - (Não achou a imagem solicitada)
2020-12-04T17:41:26 - INFO - Solicitando imagem SPOE2969522, Aguardando AgileProcess...
2020-12-04T17:41:26 - INFO - Solicitando imagem SPOE3019549, Aguardando AgileProcess...
2020-12-04T17:41:26 - INFO - Solicitando imagem SPOE3019544, Aguardando AgileProcess...
2020-12-04T17:41:26 - WARNING - (EasyDocs,AgileProcess) DOC:SPOE2969522 - (Não achou a imagem solicitada)
2020-12-04T17:41:26 - WARNING - (EasyDocs,AgileProcess) DOC:SPOE3019549 - (Não achou a imagem solicitada)
2020-12-04T17:41:26 - INFO - Solicitando imagem SPOE3025618, Aguardando AgileProcess...
2020-12-04T17:41:27 - INFO - Solicitando imagem SPOE3025616, Aguardando AgileProcess...
2020-12-04T17:41:27 - INFO - Solicitando imagem SPOE2967038, Aguardando AgileProcess...
2020-12-04T17:41:27 - SUCESSO - Imagem AgileProcess SPOE3005524 : Imagem recebida.
2020-12-04T17:41:27 - WARNING - Envio IMAGEM - DANFE: 35201162136304001100550030006808331192510793 - API Carga: 0 - Message: Carga inexistente ou sem permissão para acesso - Success: false
2020-12-04T17:41:27 - SUCESSO - Imagem AgileProcess SPOE3022376 : Imagem recebida.
2020-12-04T17:41:27 - WARNING - (EasyDocs,AgileProcess) DOC:SPOE3025616 - (Não achou a imagem solicitada)
2020-12-04T17:41:27 - WARNING - (EasyDocs,AgileProcess) DOC:SPOE2967038 - (Não achou a imagem solicitada)
2020-12-04T17:41:27 - INFO - Solicitando imagem SPOE3014473, Aguardando AgileProcess...
2020-12-04T17:41:27 - INFO - Solicitando imagem SPOE3025282, Aguardando AgileProcess...
2020-12-04T17:41:27 - INFO - Solicitando imagem SPOE3024460, Aguardando AgileProcess...
2020-12-04T17:41:27 - WARNING - Envio IMAGEM - DANFE: 35201062136304001100550030006806411139131144 - API Carga: 0 - Message: Carga inexistente ou sem permissão para acesso - Success: false
2020-12-04T17:41:27 - SUCESSO - Imagem EasyDocs RECE352552 : Imagem recebida.
2020-12-04T17:41:27 - SUCESSO - Imagem AgileProcess SPOE3019544 : Imagem recebida.
2020-12-04T17:41:27 - WARNING - (EasyDocs,AgileProcess) DOC:SPOE3014473 - (Não achou a imagem solicitada)
2020-12-04T17:41:28 - INFO - Solicitando imagem SPOE3025617, Aguardando AgileProcess...
2020-12-04T17:41:28 - INFO - Solicitando imagem SPOE3015255, Aguardando AgileProcess...
2020-12-04T17:41:28 - SUCESSO - Imagem AgileProcess SPOE3025618 : Imagem recebida.
2020-12-04T17:41:28 - INFO - Solicitando imagem SPOE3013891, Aguardando AgileProcess...
2020-12-04T17:41:28 - ERRO - Imagem AgileProcess SPOE3015255 : {} - checkImagemAgileProcess
2020-12-04T17:41:28 - WARNING - (EasyDocs,AgileProcess) DOC:SPOE3015255 - (Não achou a imagem solicitada)
2020-12-04T17:41:28 - WARNING - (EasyDocs,AgileProcess) DOC:SPOE3013891 - (Não achou a imagem solicitada)
2020-12-04T17:41:28 - ERRO - Imagem AgileProcess SPOE3013891 : {} - checkImagemAgileProcess
2020-12-04T17:41:28 - INFO - Solicitando imagem SPOE3025265, Aguardando AgileProcess...
2020-12-04T17:41:28 - INFO - Solicitando imagem SPOE3022373, Aguardando AgileProcess...
2020-12-04T17:41:28 - INFO - Solicitando imagem SPOE3025619, Aguardando AgileProcess...
2020-12-04T17:41:28 - SUCESSO - Imagem AgileProcess SPOE3025282 : Imagem recebida.
2020-12-04T17:41:28 - SUCESSO - Imagem AgileProcess SPOE3024460 : Imagem recebida.
2020-12-04T17:41:28 - WARNING - Envio IMAGEM - DANFE: 26201162136304001967550030000881161334686235 - API Carga: 0 - Message: Carga inexistente ou sem permissão para acesso - Success: false
2020-12-04T17:41:28 - WARNING - (EasyDocs,AgileProcess) DOC:SPOE3022373 - (Não achou a imagem solicitada)
2020-12-04T17:41:29 - WARNING - Envio IMAGEM - DANFE: 35201162136304001100550030006808361934788853 - API Carga: 0 - Message: Carga inexistente ou sem permissão para acesso - Success: false
2020-12-04T17:41:29 - INFO - Solicitando imagem SPOE3024460, Aguardando AgileProcess...
2020-12-04T17:41:29 - INFO - Solicitando imagem SPOE3025615, Aguardando AgileProcess...
2020-12-04T17:41:29 - SUCESSO - Imagem AgileProcess SPOE3025617 : Imagem recebida.
2020-12-04T17:41:29 - INFO - Solicitando imagem SPOE3005518, Aguardando AgileProcess...
2020-12-04T17:41:29 - ERRO - Imagem AgileProcess SPOE3005518 : {} - checkImagemAgileProcess
2020-12-04T17:41:29 - WARNING - (EasyDocs,AgileProcess) DOC:SPOE3005518 - (Não achou a imagem solicitada)
2020-12-04T17:41:29 - SUCESSO - Imagem AgileProcess SPOE3025265 : Imagem recebida.
2020-12-04T17:41:29 - SUCESSO - Imagem AgileProcess SPOE3025619 : Imagem recebida.
2020-12-04T17:41:29 - WARNING - Envio IMAGEM - DANFE: 35201062136304001100550030006806561059057986 - API Carga: 0 - Message: Carga inexistente ou sem permissão para acesso - Success: false
2020-12-04T17:41:30 - SUCESSO - Imagem AgileProcess SPOE3025615 : Imagem recebida.
2020-12-04T17:41:30 - SUCESSO - Imagem AgileProcess SPOE3024460 : Imagem recebida.
2020-12-04T17:41:30 - WARNING - Envio IMAGEM - DANFE: 26201162136304001967550030000880761059057980 - API Carga: 0 - Message: Carga inexistente ou sem permissão para acesso - Success: false
2020-12-04T17:41:30 - WARNING - Envio IMAGEM - DANFE: 35201162136304001100550030006815721262890197 - API Carga: 0 - Message: Carga inexistente ou sem permissão para acesso - Success: false
2020-12-04T17:41:30 - WARNING - Envio IMAGEM - DANFE: 35201162136304001100550030006817481192510795 - API Carga: 0 - Message: Carga inexistente ou sem permissão para acesso - Success: false
2020-12-04T17:41:31 - WARNING - Envio IMAGEM - DANFE: 35201162136304001100550030006815051437120589 - API Carga: 0 - Message: Carga inexistente ou sem permissão para acesso - Success: false
2020-12-04T17:41:31 - WARNING - Envio IMAGEM - DANFE: 35201162136304001100550030006818721157526126 - API Carga: 0 - Message: Carga inexistente ou sem permissão para acesso - Success: false
2020-12-04T17:41:31 - WARNING - Envio IMAGEM - DANFE: 35201162136304001100550030006818681254676126 - API Carga: 0 - Message: Carga inexistente ou sem permissão para acesso - Success: false
2020-12-04T17:41:31 - WARNING - Envio IMAGEM - DANFE: 35201162136304001100550030006817611942528859 - API Carga: 0 - Message: Carga inexistente ou sem permissão para acesso - Success: false
2020-12-04T17:41:32 - WARNING - Envio IMAGEM - DANFE: 35201162136304003820550010000463011274984821 - API Carga: 0 - Message: Carga inexistente ou sem permissão para acesso - Success: false
2020-12-04T17:41:32 - SUCESSO - Envio IMAGEM - DANFE: 35201062136304001100550030006801251925430687 - API Carga: 6337056 - Message: undefined - Success: true
2020-12-04T17:41:32 - WARNING - Envio IMAGEM - DANFE: 35201162136304001100550030006818371255078463 - API Carga: 0 - Message: Carga inexistente ou sem permissão para acesso - Success: false
2020-12-04T17:41:32 - WARNING - Envio IMAGEM - DANFE: 35201162136304001100550030006817591577540400 - API Carga: 0 - Message: Carga inexistente ou sem permissão para acesso - Success: false
2020-12-04T17:41:33 - WARNING - Envio IMAGEM - DANFE: 35201162136304001100550030006818671274984821 - API Carga: 0 - Message: Carga inexistente ou sem permissão para acesso - Success: false
2020-12-04T17:41:33 - WARNING - Envio IMAGEM - DANFE: 35201062136304001100550030006801281414610347 - API Carga: 6337059 - Message: Erro inesperado, tente novamente mais tarde - Success: false
2020-12-04T17:41:33 - AVISO - Solicitado comprovantes na Easydocs - (56)
2020-12-04T17:42:22 - SUCESSO - Envio TRACKING: 35201062136304001100550030006789271733208448 - Ret API: undefined - ID:86 - API Carga: 6336409
2020-12-04T17:42:23 - SUCESSO - Envio TRACKING: 35201062136304001100550030006789281139131141 - Ret API: undefined - ID:183 - API Carga: 6336410
2020-12-04T17:42:23 - SUCESSO - Envio TRACKING: 35201062136304001100550030006789281139131141 - Ret API: undefined - ID:88 - API Carga: 6336410
2020-12-04T17:42:23 - SUCESSO - Envio TRACKING: 35201062136304001100550030006789271733208448 - Ret API: undefined - ID:182 - API Carga: 6336409
2020-12-04T17:42:23 - SUCESSO - Envio TRACKING: 35201062136304001100550030006789291911360504 - Ret API: undefined - ID:184 - API Carga: 6336411
2020-12-04T17:42:23 - SUCESSO - Envio TRACKING: 35201062136304001100550030006789291911360504 - Ret API: undefined - ID:17 - API Carga: 6336411
2020-12-04T17:42:23 - SUCESSO - Envio TRACKING: 35201062136304001100550030006789271733208448 - Ret API: undefined - ID:15 - API Carga: 6336409
2020-12-04T17:42:23 - SUCESSO - Envio TRACKING: 35201062136304001100550030006789271733208448 - Ret API: undefined - ID:85 - API Carga: 6336409
2020-12-04T17:42:23 - SUCESSO - Envio TRACKING: 35201062136304001100550030006789281139131141 - Ret API: undefined - ID:16 - API Carga: 6336410
2020-12-04T17:42:23 - SUCESSO - Envio TRACKING: 35201062136304001100550030006789281139131141 - Ret API: undefined - ID:87 - API Carga: 6336410
2020-12-04T17:42:23 - AVISO - Ocorrencias de tracking para enviar - (10)
2020-12-04T17:44:22 - SUCESSO - Envio TRACKING: 35201062136304001100550030006789301320160377 - Ret API: undefined - ID:18 - API Carga: 6336412
2020-12-04T17:44:23 - SUCESSO - Envio TRACKING: 35201062136304001100550030006789301320160377 - Ret API: undefined - ID:185 - API Carga: 6336412
2020-12-04T17:44:23 - SUCESSO - Envio TRACKING: 35201062136304001100550030006789311274984829 - Ret API: undefined - ID:94 - API Carga: 6336413
2020-12-04T17:44:23 - SUCESSO - Envio TRACKING: 35201062136304001100550030006789321254676123 - Ret API: undefined - ID:187 - API Carga: 6336414
2020-12-04T17:44:23 - SUCESSO - Envio TRACKING: 35201062136304001100550030006789301320160377 - Ret API: undefined - ID:91 - API Carga: 6336412
2020-12-04T17:44:23 - SUCESSO - Envio TRACKING: 35201062136304001100550030006789301320160377 - Ret API: undefined - ID:92 - API Carga: 6336412
2020-12-04T17:44:23 - SUCESSO - Envio TRACKING: 35201062136304001100550030006789311274984829 - Ret API: undefined - ID:93 - API Carga: 6336413
2020-12-04T17:44:23 - SUCESSO - Envio TRACKING: 35201062136304001100550030006789311274984829 - Ret API: undefined - ID:186 - API Carga: 6336413
2020-12-04T17:44:23 - SUCESSO - Envio TRACKING: 35201062136304001100550030006789321254676123 - Ret API: undefined - ID:20 - API Carga: 6336414
2020-12-04T17:44:23 - AVISO - Ocorrencias de tracking para enviar - (10)
2020-12-04T17:44:23 - SUCESSO - Envio TRACKING: 35201062136304001100550030006789311274984829 - Ret API: undefined - ID:19 - API Carga: 6336413
2020-12-04T17:46:22 - SUCESSO - Envio TRACKING: 35201062136304001100550030006789651185519614 - Ret API: undefined - ID:190 - API Carga: 6336431
2020-12-04T17:46:23 - SUCESSO - Envio TRACKING: 35201062136304001100550030006789651185519614 - Ret API: undefined - ID:254 - API Carga: 6336431
2020-12-04T17:46:23 - SUCESSO - Envio TRACKING: 35201062136304001100550030006789651185519614 - Ret API: undefined - ID:188 - API Carga: 6336431
2020-12-04T17:46:23 - SUCESSO - Envio TRACKING: 35201062136304001100550030006789661494620635 - Ret API: undefined - ID:255 - API Carga: 6336432
2020-12-04T17:46:23 - SUCESSO - Envio TRACKING: 35201062136304001100550030006789651185519614 - Ret API: undefined - ID:97 - API Carga: 6336431
2020-12-04T17:46:23 - SUCESSO - Envio TRACKING: 35201062136304001100550030006789651185519614 - Ret API: undefined - ID:21 - API Carga: 6336431
2020-12-04T17:46:23 - SUCESSO - Envio TRACKING: 35201062136304001100550030006789661494620635 - Ret API: undefined - ID:22 - API Carga: 6336432
2020-12-04T17:46:23 - SUCESSO - Envio TRACKING: 35201062136304001100550030006789651185519614 - Ret API: undefined - ID:189 - API Carga: 6336431
2020-12-04T17:46:23 - SUCESSO - Envio TRACKING: 35201062136304001100550030006789651185519614 - Ret API: undefined - ID:257 - API Carga: 6336431
2020-12-04T17:46:23 - AVISO - Ocorrencias de tracking para enviar - (10)
2020-12-04T17:46:23 - SUCESSO - Envio TRACKING: 35201062136304001100550030006789651185519614 - Ret API: undefined - ID:251 - API Carga: 6336431
2020-12-04T17:48:22 - SUCESSO - Envio TRACKING: 35201062136304001100550030006789671334686236 - Ret API: undefined - ID:256 - API Carga: 6336433
2020-12-04T17:48:23 - SUCESSO - Envio TRACKING: 35201062136304001100550030006789671334686236 - Ret API: undefined - ID:259 - API Carga: 6336433
2020-12-04T17:48:23 - SUCESSO - Envio TRACKING: 35201062136304001100550030006790431106729260 - Ret API: undefined - ID:197 - API Carga: 6336464
2020-12-04T17:48:23 - SUCESSO - Envio TRACKING: 35201062136304001100550030006789671334686236 - Ret API: undefined - ID:253 - API Carga: 6336433
2020-12-04T17:48:23 - SUCESSO - Envio TRACKING: 35201062136304001100550030006789671334686236 - Ret API: undefined - ID:196 - API Carga: 6336433
2020-12-04T17:48:23 - SUCESSO - Envio TRACKING: 35201062136304001100550030006789671334686236 - Ret API: undefined - ID:195 - API Carga: 6336433
2020-12-04T17:48:23 - SUCESSO - Envio TRACKING: 35201062136304001100550030006789671334686236 - Ret API: undefined - ID:23 - API Carga: 6336433
2020-12-04T17:48:23 - SUCESSO - Envio TRACKING: 35201062136304001100550030006790431106729260 - Ret API: undefined - ID:24 - API Carga: 6336464
2020-12-04T17:48:23 - SUCESSO - Envio TRACKING: 35201062136304001100550030006789671334686236 - Ret API: undefined - ID:194 - API Carga: 6336433
2020-12-04T17:48:23 - SUCESSO - Envio TRACKING: 35201062136304001100550030006789671334686236 - Ret API: undefined - ID:99 - API Carga: 6336433
2020-12-04T17:48:23 - AVISO - Ocorrencias de tracking para enviar - (10)
2020-12-04T17:50:22 - SUCESSO - Envio TRACKING: 35201062136304001100550030006795081177420236 - Ret API: undefined - ID:200 - API Carga: 6336661
2020-12-04T17:50:23 - SUCESSO - Envio TRACKING: 35201062136304001100550030006791241257312270 - Ret API: undefined - ID:103 - API Carga: 6336474
2020-12-04T17:50:23 - SUCESSO - Envio TRACKING: 35201062136304001100550030006794831263995143 - Ret API: undefined - ID:199 - API Carga: 6336652
2020-12-04T17:50:23 - SUCESSO - Envio TRACKING: 35201062136304001100550030006791241257312270 - Ret API: undefined - ID:198 - API Carga: 6336474
2020-12-04T17:50:23 - SUCESSO - Envio TRACKING: 35201062136304001100550030006791241257312270 - Ret API: undefined - ID:102 - API Carga: 6336474
2020-12-04T17:50:23 - SUCESSO - Envio TRACKING: 35201062136304001100550030006794831263995143 - Ret API: undefined - ID:104 - API Carga: 6336652
2020-12-04T17:50:23 - SUCESSO - Envio TRACKING: 35201062136304001100550030006795081177420236 - Ret API: undefined - ID:27 - API Carga: 6336661
2020-12-04T17:50:23 - SUCESSO - Envio TRACKING: 35201062136304001100550030006791241257312270 - Ret API: undefined - ID:25 - API Carga: 6336474
2020-12-04T17:50:23 - SUCESSO - Envio TRACKING: 35201062136304001100550030006794831263995143 - Ret API: undefined - ID:26 - API Carga: 6336652
2020-12-04T17:50:23 - SUCESSO - Envio TRACKING: 35201062136304001100550030006794831263995143 - Ret API: undefined - ID:105 - API Carga: 6336652
2020-12-04T17:50:23 - AVISO - Ocorrencias de tracking para enviar - (10)
2020-12-04T17:52:22 - SUCESSO - Envio TRACKING: 35201062136304001100550030006796321320160370 - Ret API: undefined - ID:236 - API Carga: 6336850
2020-12-04T17:52:23 - SUCESSO - Envio TRACKING: 35201062136304001100550030006796331274984821 - Ret API: undefined - ID:29 - API Carga: 6336851
2020-12-04T17:52:23 - SUCESSO - Envio TRACKING: 35201062136304001100550030006796321320160370 - Ret API: undefined - ID:28 - API Carga: 6336850
2020-12-04T17:52:23 - SUCESSO - Envio TRACKING: 35201062136304001100550030006796631187718073 - Ret API: undefined - ID:203 - API Carga: 6336875
2020-12-04T17:52:23 - SUCESSO - Envio TRACKING: 35201062136304001100550030006796331274984821 - Ret API: undefined - ID:110 - API Carga: 6336851
2020-12-04T17:52:23 - SUCESSO - Envio TRACKING: 35201062136304001100550030006796331274984821 - Ret API: undefined - ID:109 - API Carga: 6336851
2020-12-04T17:52:23 - SUCESSO - Envio TRACKING: 35201062136304001100550030006796321320160370 - Ret API: undefined - ID:108 - API Carga: 6336850
2020-12-04T17:52:23 - SUCESSO - Envio TRACKING: 35201062136304001100550030006796321320160370 - Ret API: undefined - ID:201 - API Carga: 6336850
2020-12-04T17:52:23 - SUCESSO - Envio TRACKING: 35201062136304001100550030006796631187718073 - Ret API: undefined - ID:30 - API Carga: 6336875
2020-12-04T17:52:23 - AVISO - Ocorrencias de tracking para enviar - (10)
2020-12-04T17:52:23 - SUCESSO - Envio TRACKING: 35201062136304001100550030006796331274984821 - Ret API: undefined - ID:202 - API Carga: 6336851
