2020-12-04T17:24:43 - MSG - Startup serviço
2020-12-04T17:24:43 - INFO - CHECK TIME REF.: 10 Seg., CHECK DOCS IMAGEM: 30 Min.
2020-12-04T17:24:43 - AVISO - Setup cliente 62136304
2020-12-04T17:24:46 - INFO - Sucesso - Logado na API (true,3907,Developer)
2020-12-04T17:24:51 - AVISO - Notas Fiscais - Incluidas (57)
2020-12-04T17:25:16 - AVISO - Ocorrências Iniciais - Incluidas (57)
2020-12-04T17:25:16 - AVISO - Novos registros de ocorrencias no TMS - (112)
2020-12-04T17:25:49 - WARNING - (Validação Falhou) - Destinatário: 62136304001100, NF: 0087937, NÃO OK, Erro: false,AxiosErro: false, API Success: true.
2020-12-04T17:25:51 - WARNING - (Validação Falhou) - Destinatário: 62136304001967, NF: 0087968, NÃO OK, Erro: false,AxiosErro: false, API Success: true.
2020-12-04T17:25:51 - WARNING - (Validação Falhou) - Destinatário: 62136304001967, NF: 0087924, NÃO OK, Erro: false,AxiosErro: false, API Success: true.
2020-12-04T17:25:53 - WARNING - (Validação Falhou) - Destinatário: 62136304001100, NF: 0087915, NÃO OK, Erro: false,AxiosErro: false, API Success: true.
2020-12-04T17:25:53 - WARNING - (Validação Falhou) - Destinatário: 11397331000123, NF: 0088076, NÃO OK, Erro: false,AxiosErro: false, API Success: true.
2020-12-04T17:25:53 - WARNING - (Validação Falhou) - Destinatário: 62136304001967, NF: 0680641, NÃO OK, Erro: false,AxiosErro: false, API Success: true.
2020-12-04T17:25:53 - WARNING - (Validação Falhou) - Destinatário: 62136304001100, NF: 0088116, NÃO OK, Erro: false,AxiosErro: false, API Success: true.
2020-12-04T17:25:54 - WARNING - (Validação Falhou) - Destinatário: 11500855000106, NF: 0681140, NÃO OK, Erro: false,AxiosErro: false, API Success: true.
2020-12-04T17:25:54 - WARNING - (Validação Falhou) - Destinatário: 09143880000120, NF: 0680685, NÃO OK, Erro: false,AxiosErro: false, API Success: true.
2020-12-04T17:25:54 - WARNING - (Validação Falhou) - Destinatário: 62136304003234, NF: 0680656, NÃO OK, Erro: false,AxiosErro: false, API Success: true.
2020-12-04T17:25:54 - WARNING - (Validação Falhou) - Destinatário: 62136304003234, NF: 0681759, NÃO OK, Erro: false,AxiosErro: false, API Success: true.
2020-12-04T17:25:55 - WARNING - (Validação Falhou) - Destinatário: 62136304001967, NF: 0681837, NÃO OK, Erro: false,AxiosErro: false, API Success: true.
2020-12-04T17:25:56 - WARNING - (Validação Falhou) - Destinatário: 62136304001967, NF: 0681872, NÃO OK, Erro: false,AxiosErro: false, API Success: true.
2020-12-04T17:25:56 - WARNING - (Validação Falhou) - Destinatário: 18860117000100, NF: 0681107, NÃO OK, Erro: false,AxiosErro: false, API Success: true.
2020-12-04T17:25:56 - WARNING - (Validação Falhou) - Destinatário: 62136304001967, NF: 0681108, NÃO OK, Erro: false,AxiosErro: false, API Success: true.
2020-12-04T17:25:56 - WARNING - (Validação Falhou) - Destinatário: 62136304001967, NF: 0087935, NÃO OK, Erro: false,AxiosErro: false, API Success: true.
2020-12-04T17:25:56 - WARNING - (Validação Falhou) - Destinatário: 05523677000128, NF: 0681504, NÃO OK, Erro: false,AxiosErro: false, API Success: true.
2020-12-04T17:25:56 - WARNING - (Validação Falhou) - Destinatário: 11500855000289, NF: 0681572, NÃO OK, Erro: false,AxiosErro: false, API Success: true.
2020-12-04T17:25:56 - WARNING - (Validação Falhou) - Destinatário: 06887784000106, NF: 0680836, NÃO OK, Erro: false,AxiosErro: false, API Success: true.
2020-12-04T17:25:57 - WARNING - (Validação Falhou) - Destinatário: 42685141391, NF: 0681505, NÃO OK, Erro: false,AxiosErro: false, API Success: true.
2020-12-04T17:25:57 - WARNING - (Validação Falhou) - Destinatário: 62136304003234, NF: 0046275, NÃO OK, Erro: false,AxiosErro: false, API Success: true.
2020-12-04T17:25:57 - WARNING - (Validação Falhou) - Destinatário: 62136304001967, NF: 0681761, NÃO OK, Erro: false,AxiosErro: false, API Success: true.
2020-12-04T17:25:57 - WARNING - (Validação Falhou) - Destinatário: 07263970000129, NF: 0681868, NÃO OK, Erro: false,AxiosErro: false, API Success: true.
2020-12-04T17:25:57 - WARNING - (Validação Falhou) - Destinatário: 62136304000219, NF: 0681417, NÃO OK, Erro: false,AxiosErro: false, API Success: true.
2020-12-04T17:25:57 - WARNING - (Validação Falhou) - Destinatário: 62136304001967, NF: 0046301, NÃO OK, Erro: false,AxiosErro: false, API Success: true.
2020-12-04T17:25:57 - WARNING - (Validação Falhou) - Destinatário: 62136304003234, NF: 0681871, NÃO OK, Erro: false,AxiosErro: false, API Success: true.
2020-12-04T17:25:59 - WARNING - (Validação Falhou) - Destinatário: 62136304003234, NF: 0681716, NÃO OK, Erro: false,AxiosErro: false, API Success: true.
2020-12-04T17:25:59 - WARNING - (Validação Falhou) - Destinatário: 62136304000219, NF: 0681421, NÃO OK, Erro: false,AxiosErro: false, API Success: true.
2020-12-04T17:25:59 - WARNING - (Validação Falhou) - Destinatário: 00150422000143, NF: 0681867, NÃO OK, Erro: false,AxiosErro: false, API Success: true.
2020-12-04T17:25:59 - WARNING - (Validação Falhou) - Destinatário: 41231515000180, NF: 0680833, NÃO OK, Erro: false,AxiosErro: false, API Success: true.
2020-12-04T17:25:59 - WARNING - (Validação Falhou) - Destinatário: 18860117000100, NF: 0681748, NÃO OK, Erro: false,AxiosErro: false, API Success: true.
2020-12-04T17:26:17 - AVISO - Registro de novos manifestos - (53)
2020-12-04T17:26:17 - SUCESSO - (Validação) - Carga: 6336431, NF: 0678965, Danfe: 35201062136304001100550030006789651185519614, OK.
2020-12-04T17:26:17 - SUCESSO - (Validação) - Carga: 6338131, NF: 0678523, Danfe: 35200962136304001100550030006785231911360509, OK.
2020-12-04T17:26:17 - SUCESSO - (Validação) - Carga: 6338136, NF: 0678571, Danfe: 35200962136304001100550030006785711257833471, OK.
2020-12-04T17:26:17 - SUCESSO - (Validação) - Carga: 6337781, NF: 0677837, Danfe: 35200962136304001100550030006778371139131140, OK.
2020-12-04T17:26:17 - SUCESSO - (Validação) - Carga: 6336409, NF: 0678927, Danfe: 35201062136304001100550030006789271733208448, OK.
2020-12-04T17:26:17 - SUCESSO - (Validação) - Carga: 6338121, NF: 0678508, Danfe: 35200962136304001100550030006785081059057986, OK.
2020-12-04T17:26:17 - SUCESSO - (Validação) - Carga: 6337763, NF: 0677788, Danfe: 35200962136304001100550030006777881645890719, OK.
2020-12-04T17:26:17 - SUCESSO - (Validação) - Carga: 6336850, NF: 0679632, Danfe: 35201062136304001100550030006796321320160370, OK.
2020-12-04T17:26:17 - SUCESSO - (Validação) - Carga: 6336412, NF: 0678930, Danfe: 35201062136304001100550030006789301320160377, OK.
2020-12-04T17:26:17 - SUCESSO - (Validação) - Carga: 6336410, NF: 0678928, Danfe: 35201062136304001100550030006789281139131141, OK.
2020-12-04T17:26:17 - SUCESSO - (Validação) - Carga: 6337059, NF: 0680128, Danfe: 35201062136304001100550030006801281414610347, OK.
2020-12-04T17:26:17 - SUCESSO - (Validação) - Carga: 6336411, NF: 0678929, Danfe: 35201062136304001100550030006789291911360504, OK.
2020-12-04T17:26:17 - SUCESSO - (Validação) - Carga: 6336851, NF: 0679633, Danfe: 35201062136304001100550030006796331274984821, OK.
2020-12-04T17:26:17 - SUCESSO - (Validação) - Carga: 6336413, NF: 0678931, Danfe: 35201062136304001100550030006789311274984829, OK.
2020-12-04T17:26:17 - SUCESSO - (Validação) - Carga: 6336474, NF: 0679124, Danfe: 35201062136304001100550030006791241257312270, OK.
2020-12-04T17:26:17 - SUCESSO - (Validação) - Carga: 6337780, NF: 0677836, Danfe: 35200962136304001100550030006778361733208447, OK.
2020-12-04T17:26:17 - SUCESSO - (Validação) - Carga: 6337056, NF: 0680125, Danfe: 35201062136304001100550030006801251925430687, OK.
2020-12-04T17:26:17 - SUCESSO - (Validação) - Carga: 6336464, NF: 0679043, Danfe: 35201062136304001100550030006790431106729260, OK.
2020-12-04T17:26:17 - SUCESSO - (Validação) - Carga: 6336414, NF: 0678932, Danfe: 35201062136304001100550030006789321254676123, OK.
2020-12-04T17:26:17 - SUCESSO - (Validação) - Carga: 6336433, NF: 0678967, Danfe: 35201062136304001100550030006789671334686236, OK.
2020-12-04T17:26:17 - SUCESSO - (Validação) - Carga: 6337792, NF: 0677854, Danfe: 35200962136304001100550030006778541214730655, OK.
2020-12-04T17:26:17 - SUCESSO - (Validação) - Carga: 6336944, NF: 0679910, Danfe: 35201062136304001100550030006799101819146464, OK.
2020-12-04T17:26:17 - SUCESSO - (Validação) - Carga: 6336652, NF: 0679483, Danfe: 35201062136304001100550030006794831263995143, OK.
2020-12-04T17:26:17 - SUCESSO - (Validação) - Carga: 6336875, NF: 0679663, Danfe: 35201062136304001100550030006796631187718073, OK.
2020-12-04T17:26:17 - SUCESSO - (Validação) - Carga: 6336661, NF: 0679508, Danfe: 35201062136304001100550030006795081177420236, OK.
2020-12-04T17:26:17 - SUCESSO - (Validação) - Carga: 6336432, NF: 0678966, Danfe: 35201062136304001100550030006789661494620635, OK.
2020-12-04T17:26:53 - AVISO - Manifestos - Ocorrências de saída - (66)
2020-12-04T17:27:17 - AVISO - Baixa - Ocorrências de Chegada Filial destino - (24)
2020-12-04T17:29:20 - MSG - Startup serviço
2020-12-04T17:29:20 - INFO - CHECK TIME REF.: 10 Seg., CHECK DOCS IMAGEM: 30 Min.
2020-12-04T17:29:20 - AVISO - Setup cliente 62136304
2020-12-04T17:29:23 - INFO - Sucesso - Logado na API (true,3907,Developer)
