2020-11-25T09:30:42 - MSG - Startup serviço
2020-11-25T09:30:42 - AVISO - Setup cliente 62136304
2020-11-25T09:30:45 - INFO - Sucesso - Logado na API (true,3907,Production)
2020-11-25T09:30:45 - INFO - Solicitando imagem RECE356471, Aguardando EasyDocs...
2020-11-25T09:30:45 - INFO - Solicitando imagem RECE356471, Aguardando EasyDocs...
2020-11-25T09:30:45 - INFO - Solicitando imagem SPOE3041099, Aguardando EasyDocs...
2020-11-25T09:30:45 - INFO - Solicitando imagem SPOE3036947, Aguardando EasyDocs...
2020-11-25T09:30:45 - INFO - Solicitando imagem SPOE3036960, Aguardando EasyDocs...
2020-11-25T09:30:45 - INFO - Solicitando imagem SPOE3038952, Aguardando EasyDocs...
2020-11-25T09:30:45 - INFO - Solicitando imagem SPOE3038951, Aguardando EasyDocs...
2020-11-25T09:30:45 - INFO - Solicitando imagem SPOE3038966, Aguardando EasyDocs...
2020-11-25T09:30:45 - INFO - Solicitando imagem SPOE3038965, Aguardando EasyDocs...
2020-11-25T09:30:45 - INFO - Solicitando imagem SPOE3038965, Aguardando EasyDocs...
2020-11-25T09:30:50 - WARNING - EasyDocs DOC:SPOE3038966 - (Não achou a imagem solicitada)
2020-11-25T09:30:50 - WARNING - EasyDocs DOC:SPOE3038952 - (Não achou a imagem solicitada)
2020-11-25T09:30:50 - WARNING - EasyDocs DOC:SPOE3038951 - (Não achou a imagem solicitada)
2020-11-25T09:30:50 - WARNING - EasyDocs DOC:RECE356471 - (Não achou a imagem solicitada)
2020-11-25T09:30:50 - WARNING - EasyDocs DOC:SPOE3036960 - (Não achou a imagem solicitada)
2020-11-25T09:30:50 - WARNING - EasyDocs DOC:SPOE3041099 - (Não achou a imagem solicitada)
2020-11-25T09:30:50 - WARNING - EasyDocs DOC:SPOE3036947 - (Não achou a imagem solicitada)
2020-11-25T09:30:50 - WARNING - EasyDocs DOC:SPOE3038965 - (Não achou a imagem solicitada)
2020-11-25T09:30:50 - WARNING - EasyDocs DOC:SPOE3038965 - (Não achou a imagem solicitada)
2020-11-25T09:30:50 - WARNING - EasyDocs DOC:RECE356471 - (Não achou a imagem solicitada)
2020-11-25T09:30:50 - AVISO - Solicitado comprovantes na Easydocs - (10)
